mode: atomic
github.com/wezzels/vigil/cmd/vigil/main.go:9.13,28.2 18 0
github.com/wezzels/vigil/pkg/dis/pdu/types.go:25.46,27.2 1 0
github.com/wezzels/vigil/pkg/dis/pdu/types.go:30.46,32.2 1 0
github.com/wezzels/vigil/pkg/dis/pdu/types.go:35.47,37.2 1 0
github.com/wezzels/vigil/pkg/dis/pdu/types.go:40.47,42.2 1 0
github.com/wezzels/vigil/pkg/dis/pdu/types.go:86.51,88.2 1 0
github.com/wezzels/vigil/pkg/dis/pdu/types.go:91.52,93.2 1 0
github.com/wezzels/vigil/pkg/dis/pdu/types.go:96.44,98.2 1 0
github.com/wezzels/vigil/pkg/dis/pdu/types.go:101.45,103.2 1 0
github.com/wezzels/vigil/pkg/dis/pdu/types.go:106.50,108.2 1 0
github.com/wezzels/vigil/pkg/dis/pdu/types.go:111.51,113.2 1 0
github.com/wezzels/vigil/pkg/dis/pdu/types.go:116.48,118.2 1 0
github.com/wezzels/vigil/pkg/dis/pdu/types.go:121.49,123.2 1 0
github.com/wezzels/vigil/pkg/mode/hybrid.go:47.42,60.2 1 7
github.com/wezzels/vigil/pkg/mode/hybrid.go:63.60,64.19 1 6
github.com/wezzels/vigil/pkg/mode/hybrid.go:64.19,66.3 1 5
github.com/wezzels/vigil/pkg/mode/hybrid.go:68.2,83.11 4 6
github.com/wezzels/vigil/pkg/mode/hybrid.go:87.49,90.31 2 6
github.com/wezzels/vigil/pkg/mode/hybrid.go:90.31,112.3 8 28
github.com/wezzels/vigil/pkg/mode/hybrid.go:116.68,119.12 2 0
github.com/wezzels/vigil/pkg/mode/hybrid.go:119.12,125.7 4 0
github.com/wezzels/vigil/pkg/mode/hybrid.go:125.7,126.11 1 0
github.com/wezzels/vigil/pkg/mode/hybrid.go:127.25,128.11 1 0
github.com/wezzels/vigil/pkg/mode/hybrid.go:129.20,132.42 3 0
github.com/wezzels/vigil/pkg/mode/hybrid.go:132.42,133.41 1 0
github.com/wezzels/vigil/pkg/mode/hybrid.go:133.41,135.7 1 0
github.com/wezzels/vigil/pkg/mode/hybrid.go:137.5,137.19 1 0
github.com/wezzels/vigil/pkg/mode/hybrid.go:142.2,142.15 1 0
github.com/wezzels/vigil/pkg/mode/hybrid.go:146.45,149.31 2 0
github.com/wezzels/vigil/pkg/mode/hybrid.go:149.31,158.29 5 0
github.com/wezzels/vigil/pkg/mode/hybrid.go:158.29,164.4 5 0
github.com/wezzels/vigil/pkg/mode/hybrid.go:167.3,167.31 1 0
github.com/wezzels/vigil/pkg/mode/hybrid.go:167.31,171.4 3 0
github.com/wezzels/vigil/pkg/mode/hybrid.go:173.3,173.36 1 0
github.com/wezzels/vigil/pkg/mode/hybrid.go:178.54,182.15 3 3
github.com/wezzels/vigil/pkg/mode/hybrid.go:182.15,184.3 1 1
github.com/wezzels/vigil/pkg/mode/hybrid.go:185.2,185.15 1 3
github.com/wezzels/vigil/pkg/mode/hybrid.go:185.15,187.3 1 1
github.com/wezzels/vigil/pkg/mode/hybrid.go:189.2,191.29 3 3
github.com/wezzels/vigil/pkg/mode/hybrid.go:195.49,199.2 3 3
github.com/wezzels/vigil/pkg/mode/hybrid.go:202.44,206.2 3 0
github.com/wezzels/vigil/pkg/mode/hybrid.go:209.60,216.2 5 4
github.com/wezzels/vigil/pkg/mode/hybrid.go:219.63,223.2 3 1
github.com/wezzels/vigil/pkg/mode/hybrid.go:226.58,230.34 3 1
github.com/wezzels/vigil/pkg/mode/hybrid.go:230.34,231.17 1 6
github.com/wezzels/vigil/pkg/mode/hybrid.go:231.17,234.4 2 1
github.com/wezzels/vigil/pkg/mode/hybrid.go:236.2,236.14 1 0
github.com/wezzels/vigil/pkg/mode/hybrid.go:240.46,252.2 3 1
github.com/wezzels/vigil/pkg/mode/hybrid.go:265.37,269.22 3 0
github.com/wezzels/vigil/pkg/mode/hybrid.go:269.22,271.3 1 0
github.com/wezzels/vigil/pkg/mode/hybrid.go:275.29,277.2 1 28
github.com/wezzels/vigil/pkg/mode/hybrid.go:279.29,282.12 2 28
github.com/wezzels/vigil/pkg/mode/hybrid.go:282.12,284.3 1 0
github.com/wezzels/vigil/pkg/mode/hybrid.go:285.2,285.15 1 28
github.com/wezzels/vigil/pkg/mode/hybrid.go:285.15,287.3 1 0
github.com/wezzels/vigil/pkg/mode/hybrid.go:288.2,288.14 1 28
github.com/wezzels/vigil/pkg/mode/hybrid.go:288.14,290.3 1 6
github.com/wezzels/vigil/pkg/mode/hybrid.go:291.2,291.12 1 22
github.com/wezzels/vigil/pkg/mode/hybrid.go:291.12,293.3 1 0
github.com/wezzels/vigil/pkg/mode/hybrid.go:294.2,294.16 1 22
github.com/wezzels/vigil/pkg/mode/hybrid.go:294.16,296.3 1 17
github.com/wezzels/vigil/pkg/mode/hybrid.go:297.2,297.31 1 5
github.com/wezzels/vigil/pkg/mode/mode.go:21.31,22.11 1 5
github.com/wezzels/vigil/pkg/mode/mode.go:23.16,24.16 1 2
github.com/wezzels/vigil/pkg/mode/mode.go:25.18,26.18 1 1
github.com/wezzels/vigil/pkg/mode/mode.go:27.22,28.22 1 1
github.com/wezzels/vigil/pkg/mode/mode.go:29.18,30.18 1 1
github.com/wezzels/vigil/pkg/mode/mode.go:31.10,32.19 1 0
github.com/wezzels/vigil/pkg/mode/mode.go:37.45,39.2 1 1
github.com/wezzels/vigil/pkg/mode/mode.go:42.49,43.22 1 6
github.com/wezzels/vigil/pkg/mode/mode.go:44.22,45.16 1 2
github.com/wezzels/vigil/pkg/mode/mode.go:46.26,47.18 1 2
github.com/wezzels/vigil/pkg/mode/mode.go:48.34,49.22 1 1
github.com/wezzels/vigil/pkg/mode/mode.go:50.26,51.18 1 1
github.com/wezzels/vigil/pkg/mode/mode.go:52.10,53.16 1 0
github.com/wezzels/vigil/pkg/mode/mode.go:55.2,55.12 1 6
github.com/wezzels/vigil/pkg/mode/mode.go:79.38,93.2 1 11
github.com/wezzels/vigil/pkg/mode/mode.go:109.54,110.19 1 10
github.com/wezzels/vigil/pkg/mode/mode.go:110.19,112.3 1 10
github.com/wezzels/vigil/pkg/mode/mode.go:114.2,121.3 2 10
github.com/wezzels/vigil/pkg/mode/mode.go:125.39,129.2 3 7
github.com/wezzels/vigil/pkg/mode/mode.go:132.52,137.87 3 9
github.com/wezzels/vigil/pkg/mode/mode.go:137.87,139.3 1 0
github.com/wezzels/vigil/pkg/mode/mode.go:142.2,142.38 1 9
github.com/wezzels/vigil/pkg/mode/mode.go:142.38,144.3 1 1
github.com/wezzels/vigil/pkg/mode/mode.go:147.2,155.34 5 8
github.com/wezzels/vigil/pkg/mode/mode.go:155.34,157.3 1 1
github.com/wezzels/vigil/pkg/mode/mode.go:159.2,159.12 1 8
github.com/wezzels/vigil/pkg/mode/mode.go:163.64,167.2 3 1
github.com/wezzels/vigil/pkg/mode/mode.go:170.48,174.2 3 0
github.com/wezzels/vigil/pkg/mode/mode.go:177.57,181.2 3 0
github.com/wezzels/vigil/pkg/mode/mode.go:184.41,188.30 3 1
github.com/wezzels/vigil/pkg/mode/mode.go:188.30,190.3 1 1
github.com/wezzels/vigil/pkg/mode/mode.go:192.2,192.62 1 0
github.com/wezzels/vigil/pkg/mode/mode.go:196.56,200.30 3 1
github.com/wezzels/vigil/pkg/mode/mode.go:200.30,202.3 1 1
github.com/wezzels/vigil/pkg/mode/mode.go:204.2,205.19 2 0
github.com/wezzels/vigil/pkg/mode/mode.go:205.19,207.3 1 0
github.com/wezzels/vigil/pkg/mode/mode.go:208.2,208.18 1 0
github.com/wezzels/vigil/pkg/mode/mode.go:212.52,218.2 4 1
github.com/wezzels/vigil/pkg/mode/mode.go:221.42,232.2 3 1
github.com/wezzels/vigil/pkg/mode/mode.go:244.50,246.2 1 0
github.com/wezzels/vigil/pkg/mode/mode.go:249.35,253.22 3 0
github.com/wezzels/vigil/pkg/mode/mode.go:253.22,255.3 1 0
github.com/wezzels/vigil/pkg/mode/mode.go:259.38,261.2 1 1
github.com/wezzels/vigil/pkg/mode/mode.go:264.40,266.2 1 1
github.com/wezzels/vigil/pkg/mode/mode.go:269.44,271.2 1 1
github.com/wezzels/vigil/pkg/mode/mode.go:274.40,276.2 1 1
github.com/wezzels/vigil/pkg/mode/mode.go:290.36,292.2 1 1
github.com/wezzels/vigil/pkg/mode/mode.go:295.41,302.26 5 4
github.com/wezzels/vigil/pkg/mode/mode.go:302.26,303.33 1 10
github.com/wezzels/vigil/pkg/mode/mode.go:303.33,305.9 2 4
github.com/wezzels/vigil/pkg/mode/mode.go:309.2,317.34 7 4
github.com/wezzels/vigil/pkg/mode/mode.go:317.34,319.3 1 0
github.com/wezzels/vigil/pkg/mode/mode.go:321.2,321.16 1 4
github.com/wezzels/vigil/pkg/mode/mode.go:325.54,329.15 3 3
github.com/wezzels/vigil/pkg/mode/mode.go:329.15,331.3 1 1
github.com/wezzels/vigil/pkg/mode/mode.go:332.2,332.15 1 3
github.com/wezzels/vigil/pkg/mode/mode.go:332.15,334.3 1 1
github.com/wezzels/vigil/pkg/mode/mode.go:336.2,336.31 1 3
github.com/wezzels/vigil/pkg/mode/mode.go:340.49,344.2 3 3
github.com/wezzels/vigil/pkg/mode/replay.go:50.42,58.2 1 5
github.com/wezzels/vigil/pkg/mode/replay.go:61.60,62.19 1 4
github.com/wezzels/vigil/pkg/mode/replay.go:62.19,64.3 1 4
github.com/wezzels/vigil/pkg/mode/replay.go:66.2,73.3 1 4
github.com/wezzels/vigil/pkg/mode/replay.go:77.58,82.20 3 0
github.com/wezzels/vigil/pkg/mode/replay.go:82.20,84.3 1 0
github.com/wezzels/vigil/pkg/mode/replay.go:87.2,88.16 2 0
github.com/wezzels/vigil/pkg/mode/replay.go:88.16,90.3 1 0
github.com/wezzels/vigil/pkg/mode/replay.go:92.2,98.78 5 0
github.com/wezzels/vigil/pkg/mode/replay.go:98.78,102.17 3 0
github.com/wezzels/vigil/pkg/mode/replay.go:102.17,104.4 1 0
github.com/wezzels/vigil/pkg/mode/replay.go:105.3,106.42 2 0
github.com/wezzels/vigil/pkg/mode/replay.go:107.8,111.3 2 0
github.com/wezzels/vigil/pkg/mode/replay.go:114.2,117.6 3 0
github.com/wezzels/vigil/pkg/mode/replay.go:117.6,120.20 3 0
github.com/wezzels/vigil/pkg/mode/replay.go:120.20,121.9 1 0
github.com/wezzels/vigil/pkg/mode/replay.go:123.3,123.17 1 0
github.com/wezzels/vigil/pkg/mode/replay.go:123.17,125.4 1 0
github.com/wezzels/vigil/pkg/mode/replay.go:126.3,126.42 1 0
github.com/wezzels/vigil/pkg/mode/replay.go:129.2,132.54 2 0
github.com/wezzels/vigil/pkg/mode/replay.go:132.54,134.32 2 0
github.com/wezzels/vigil/pkg/mode/replay.go:134.32,135.38 1 0
github.com/wezzels/vigil/pkg/mode/replay.go:135.38,137.10 2 0
github.com/wezzels/vigil/pkg/mode/replay.go:142.2,142.12 1 0
github.com/wezzels/vigil/pkg/mode/replay.go:146.53,155.12 7 0
github.com/wezzels/vigil/pkg/mode/replay.go:155.12,158.7 2 0
github.com/wezzels/vigil/pkg/mode/replay.go:158.7,159.11 1 0
github.com/wezzels/vigil/pkg/mode/replay.go:160.21,161.11 1 0
github.com/wezzels/vigil/pkg/mode/replay.go:162.22,164.18 1 0
github.com/wezzels/vigil/pkg/mode/replay.go:165.12,167.12 2 0
github.com/wezzels/vigil/pkg/mode/replay.go:167.12,168.32 1 0
github.com/wezzels/vigil/pkg/mode/replay.go:168.32,172.15 4 0
github.com/wezzels/vigil/pkg/mode/replay.go:174.6,174.12 1 0
github.com/wezzels/vigil/pkg/mode/replay.go:178.5,178.21 1 0
github.com/wezzels/vigil/pkg/mode/replay.go:178.21,184.22 5 0
github.com/wezzels/vigil/pkg/mode/replay.go:184.22,186.7 1 0
github.com/wezzels/vigil/pkg/mode/replay.go:189.5,189.12 1 0
github.com/wezzels/vigil/pkg/mode/replay.go:190.27,190.27 0 0
github.com/wezzels/vigil/pkg/mode/replay.go:191.22,192.12 1 0
github.com/wezzels/vigil/pkg/mode/replay.go:198.2,198.15 1 0
github.com/wezzels/vigil/pkg/mode/replay.go:202.60,207.50 3 0
github.com/wezzels/vigil/pkg/mode/replay.go:207.50,209.36 2 0
github.com/wezzels/vigil/pkg/mode/replay.go:209.36,211.4 1 0
github.com/wezzels/vigil/pkg/mode/replay.go:214.2,214.38 1 0
github.com/wezzels/vigil/pkg/mode/replay.go:214.38,216.3 1 0
github.com/wezzels/vigil/pkg/mode/replay.go:218.2,221.21 3 0
github.com/wezzels/vigil/pkg/mode/replay.go:225.34,229.18 3 0
github.com/wezzels/vigil/pkg/mode/replay.go:229.18,232.3 2 0
github.com/wezzels/vigil/pkg/mode/replay.go:236.35,240.19 3 0
github.com/wezzels/vigil/pkg/mode/replay.go:240.19,245.3 4 0
github.com/wezzels/vigil/pkg/mode/replay.go:249.33,257.2 6 0
github.com/wezzels/vigil/pkg/mode/replay.go:260.50,264.17 3 3
github.com/wezzels/vigil/pkg/mode/replay.go:264.17,266.3 1 1
github.com/wezzels/vigil/pkg/mode/replay.go:267.2,267.17 1 3
github.com/wezzels/vigil/pkg/mode/replay.go:267.17,269.3 1 1
github.com/wezzels/vigil/pkg/mode/replay.go:271.2,275.39 3 3
github.com/wezzels/vigil/pkg/mode/replay.go:275.39,278.3 2 0
github.com/wezzels/vigil/pkg/mode/replay.go:282.45,286.2 3 3
github.com/wezzels/vigil/pkg/mode/replay.go:289.55,293.31 3 0
github.com/wezzels/vigil/pkg/mode/replay.go:293.31,294.34 1 0
github.com/wezzels/vigil/pkg/mode/replay.go:294.34,296.20 2 0
github.com/wezzels/vigil/pkg/mode/replay.go:296.20,299.5 2 0
github.com/wezzels/vigil/pkg/mode/replay.go:300.4,300.14 1 0
github.com/wezzels/vigil/pkg/mode/replay.go:304.2,304.15 1 0
github.com/wezzels/vigil/pkg/mode/replay.go:308.61,309.26 1 0
github.com/wezzels/vigil/pkg/mode/replay.go:309.26,311.3 1 0
github.com/wezzels/vigil/pkg/mode/replay.go:313.2,313.17 1 0
github.com/wezzels/vigil/pkg/mode/replay.go:313.17,315.3 1 0
github.com/wezzels/vigil/pkg/mode/replay.go:316.2,316.19 1 0
github.com/wezzels/vigil/pkg/mode/replay.go:316.19,318.3 1 0
github.com/wezzels/vigil/pkg/mode/replay.go:320.2,325.24 5 0
github.com/wezzels/vigil/pkg/mode/replay.go:329.49,333.26 3 1
github.com/wezzels/vigil/pkg/mode/replay.go:333.26,339.3 1 1
github.com/wezzels/vigil/pkg/mode/replay.go:341.2,345.37 4 0
github.com/wezzels/vigil/pkg/mode/replay.go:345.37,347.3 1 0
github.com/wezzels/vigil/pkg/mode/replay.go:349.2,350.30 2 0
github.com/wezzels/vigil/pkg/mode/replay.go:350.30,352.3 1 0
github.com/wezzels/vigil/pkg/mode/replay.go:354.2,363.3 1 0
github.com/wezzels/vigil/pkg/mode/replay.go:379.40,385.26 4 0
github.com/wezzels/vigil/pkg/mode/replay.go:385.26,387.3 1 0
github.com/wezzels/vigil/pkg/mode/replay.go:389.2,389.20 1 0
github.com/wezzels/vigil/pkg/mode/replay.go:389.20,391.3 1 0
github.com/wezzels/vigil/pkg/mode/replay.go:393.2,393.12 1 0
github.com/wezzels/vigil/pkg/link16/jseries/parser.go:64.26,68.2 1 9
github.com/wezzels/vigil/pkg/link16/jseries/parser.go:71.66,72.19 1 5
github.com/wezzels/vigil/pkg/link16/jseries/parser.go:72.19,74.3 1 0
github.com/wezzels/vigil/pkg/link16/jseries/parser.go:76.2,92.20 10 5
github.com/wezzels/vigil/pkg/link16/jseries/parser.go:96.68,97.19 1 3
github.com/wezzels/vigil/pkg/link16/jseries/parser.go:97.19,99.3 1 0
github.com/wezzels/vigil/pkg/link16/jseries/parser.go:101.2,102.16 2 3
github.com/wezzels/vigil/pkg/link16/jseries/parser.go:102.16,104.3 1 0
github.com/wezzels/vigil/pkg/link16/jseries/parser.go:107.2,110.39 3 3
github.com/wezzels/vigil/pkg/link16/jseries/parser.go:110.39,112.3 1 0
github.com/wezzels/vigil/pkg/link16/jseries/parser.go:114.2,120.45 2 3
github.com/wezzels/vigil/pkg/link16/jseries/parser.go:120.45,124.3 3 5
github.com/wezzels/vigil/pkg/link16/jseries/parser.go:127.2,130.17 3 3
github.com/wezzels/vigil/pkg/link16/jseries/parser.go:134.48,138.25 2 6
github.com/wezzels/vigil/pkg/link16/jseries/parser.go:138.25,140.3 1 24
github.com/wezzels/vigil/pkg/link16/jseries/parser.go:141.2,141.18 1 6
github.com/wezzels/vigil/pkg/link16/jseries/parser.go:145.63,159.2 6 5
github.com/wezzels/vigil/pkg/link16/jseries/parser.go:162.62,171.33 5 3
github.com/wezzels/vigil/pkg/link16/jseries/parser.go:171.33,173.3 1 5
github.com/wezzels/vigil/pkg/link16/jseries/parser.go:175.2,175.13 1 3
github.com/wezzels/vigil/pkg/link16/jseries/parser.go:179.58,182.25 2 6
github.com/wezzels/vigil/pkg/link16/jseries/parser.go:182.25,184.3 1 24
github.com/wezzels/vigil/pkg/link16/jseries/parser.go:186.2,186.38 1 6
github.com/wezzels/vigil/pkg/link16/jseries/parser.go:186.38,188.3 1 30
github.com/wezzels/vigil/pkg/link16/jseries/parser.go:192.44,193.16 1 8
github.com/wezzels/vigil/pkg/link16/jseries/parser.go:194.12,195.32 1 1
github.com/wezzels/vigil/pkg/link16/jseries/parser.go:196.12,197.37 1 1
github.com/wezzels/vigil/pkg/link16/jseries/parser.go:198.12,199.31 1 0
github.com/wezzels/vigil/pkg/link16/jseries/parser.go:200.12,201.28 1 1
github.com/wezzels/vigil/pkg/link16/jseries/parser.go:202.12,203.32 1 0
github.com/wezzels/vigil/pkg/link16/jseries/parser.go:204.12,205.35 1 0
github.com/wezzels/vigil/pkg/link16/jseries/parser.go:206.12,207.29 1 0
github.com/wezzels/vigil/pkg/link16/jseries/parser.go:208.12,209.34 1 0
github.com/wezzels/vigil/pkg/link16/jseries/parser.go:210.12,211.41 1 0
github.com/wezzels/vigil/pkg/link16/jseries/parser.go:212.12,213.28 1 1
github.com/wezzels/vigil/pkg/link16/jseries/parser.go:214.12,215.32 1 0
github.com/wezzels/vigil/pkg/link16/jseries/parser.go:216.12,217.35 1 0
github.com/wezzels/vigil/pkg/link16/jseries/parser.go:218.12,219.29 1 0
github.com/wezzels/vigil/pkg/link16/jseries/parser.go:220.12,221.35 1 1
github.com/wezzels/vigil/pkg/link16/jseries/parser.go:222.12,223.36 1 0
github.com/wezzels/vigil/pkg/link16/jseries/parser.go:224.12,225.33 1 0
github.com/wezzels/vigil/pkg/link16/jseries/parser.go:226.13,227.38 1 1
github.com/wezzels/vigil/pkg/link16/jseries/parser.go:228.13,229.43 1 0
github.com/wezzels/vigil/pkg/link16/jseries/parser.go:230.13,231.37 1 1
github.com/wezzels/vigil/pkg/link16/jseries/parser.go:232.13,233.43 1 0
github.com/wezzels/vigil/pkg/link16/jseries/parser.go:234.10,235.19 1 1
github.com/wezzels/vigil/pkg/link16/jseries/parser.go:240.60,242.41 1 4
github.com/wezzels/vigil/pkg/link16/jseries/parser.go:242.41,244.3 1 1
github.com/wezzels/vigil/pkg/link16/jseries/parser.go:247.2,247.30 1 3
github.com/wezzels/vigil/pkg/link16/jseries/parser.go:247.30,249.3 1 0
github.com/wezzels/vigil/pkg/link16/jseries/parser.go:252.2,252.30 1 3
github.com/wezzels/vigil/pkg/link16/jseries/parser.go:252.30,254.3 1 1
github.com/wezzels/vigil/pkg/link16/jseries/parser.go:257.2,257.49 1 2
github.com/wezzels/vigil/pkg/link16/jseries/parser.go:257.49,259.3 1 1
github.com/wezzels/vigil/pkg/link16/jseries/parser.go:261.2,261.12 1 1
github.com/wezzels/vigil/pkg/link16/jseries/parser.go:279.39,281.2 1 1
github.com/wezzels/vigil/db/persistence/postgres.go:29.30,42.2 1 1
github.com/wezzels/vigil/db/persistence/postgres.go:50.53,57.16 3 0
github.com/wezzels/vigil/db/persistence/postgres.go:57.16,59.3 1 0
github.com/wezzels/vigil/db/persistence/postgres.go:61.2,68.16 7 0
github.com/wezzels/vigil/db/persistence/postgres.go:68.16,70.3 1 0
github.com/wezzels/vigil/db/persistence/postgres.go:72.2,72.35 1 0
github.com/wezzels/vigil/db/persistence/postgres.go:76.29,78.2 1 0
github.com/wezzels/vigil/db/persistence/postgres.go:81.53,83.2 1 0
github.com/wezzels/vigil/db/persistence/postgres.go:86.43,88.2 1 0
github.com/wezzels/vigil/db/persistence/postgres.go:91.86,93.2 1 0
github.com/wezzels/vigil/db/persistence/postgres.go:96.99,98.2 1 0
github.com/wezzels/vigil/db/persistence/postgres.go:101.92,103.2 1 0
github.com/wezzels/vigil/db/persistence/postgres.go:106.107,108.2 1 0
github.com/wezzels/vigil/db/persistence/postgres.go:168.56,170.2 1 0
github.com/wezzels/vigil/db/persistence/postgres.go:173.75,196.2 3 0
github.com/wezzels/vigil/db/persistence/postgres.go:199.79,220.16 4 0
github.com/wezzels/vigil/db/persistence/postgres.go:220.16,222.3 1 0
github.com/wezzels/vigil/db/persistence/postgres.go:224.2,224.19 1 0
github.com/wezzels/vigil/db/persistence/postgres.go:228.101,249.16 4 0
github.com/wezzels/vigil/db/persistence/postgres.go:249.16,251.3 1 0
github.com/wezzels/vigil/db/persistence/postgres.go:253.2,253.19 1 0
github.com/wezzels/vigil/db/persistence/postgres.go:257.75,278.2 3 0
github.com/wezzels/vigil/db/persistence/postgres.go:281.72,285.2 3 0
github.com/wezzels/vigil/db/persistence/postgres.go:288.77,302.16 3 0
github.com/wezzels/vigil/db/persistence/postgres.go:302.16,304.3 1 0
github.com/wezzels/vigil/db/persistence/postgres.go:305.2,308.18 3 0
github.com/wezzels/vigil/db/persistence/postgres.go:308.18,318.17 3 0
github.com/wezzels/vigil/db/persistence/postgres.go:318.17,320.4 1 0
github.com/wezzels/vigil/db/persistence/postgres.go:321.3,321.33 1 0
github.com/wezzels/vigil/db/persistence/postgres.go:324.2,324.20 1 0
github.com/wezzels/vigil/db/persistence/postgres.go:333.56,335.2 1 0
github.com/wezzels/vigil/db/persistence/postgres.go:338.75,355.2 3 0
github.com/wezzels/vigil/db/persistence/postgres.go:358.79,375.16 4 0
github.com/wezzels/vigil/db/persistence/postgres.go:375.16,377.3 1 0
github.com/wezzels/vigil/db/persistence/postgres.go:379.2,379.19 1 0
github.com/wezzels/vigil/db/persistence/postgres.go:383.93,395.2 3 0
github.com/wezzels/vigil/db/persistence/postgres.go:398.74,409.2 3 0
github.com/wezzels/vigil/db/persistence/postgres.go:412.77,424.16 3 0
github.com/wezzels/vigil/db/persistence/postgres.go:424.16,426.3 1 0
github.com/wezzels/vigil/db/persistence/postgres.go:427.2,430.18 3 0
github.com/wezzels/vigil/db/persistence/postgres.go:430.18,438.17 3 0
github.com/wezzels/vigil/db/persistence/postgres.go:438.17,440.4 1 0
github.com/wezzels/vigil/db/persistence/postgres.go:441.3,441.33 1 0
github.com/wezzels/vigil/db/persistence/postgres.go:444.2,444.20 1 0
github.com/wezzels/vigil/pkg/external/adatp3.go:24.69,34.2 1 1
github.com/wezzels/vigil/pkg/external/adatp3.go:37.75,47.2 1 1
github.com/wezzels/vigil/pkg/external/adatp3.go:53.38,55.2 1 0
github.com/wezzels/vigil/pkg/external/adatp3.go:58.75,62.29 3 0
github.com/wezzels/vigil/pkg/external/adatp3.go:62.29,63.40 1 0
github.com/wezzels/vigil/pkg/external/adatp3.go:63.40,65.18 2 0
github.com/wezzels/vigil/pkg/external/adatp3.go:65.18,66.13 1 0
github.com/wezzels/vigil/pkg/external/adatp3.go:68.4,68.34 1 0
github.com/wezzels/vigil/pkg/external/adatp3.go:72.2,72.20 1 0
github.com/wezzels/vigil/pkg/external/adatp3.go:76.73,80.20 3 0
github.com/wezzels/vigil/pkg/external/adatp3.go:80.20,82.3 1 0
github.com/wezzels/vigil/pkg/external/adatp3.go:85.2,85.43 1 0
github.com/wezzels/vigil/pkg/external/adatp3.go:85.43,87.3 1 0
github.com/wezzels/vigil/pkg/external/adatp3.go:89.2,89.19 1 0
github.com/wezzels/vigil/pkg/external/adatp3.go:104.44,106.2 1 1
github.com/wezzels/vigil/pkg/external/adatp3.go:109.71,117.29 2 2
github.com/wezzels/vigil/pkg/external/adatp3.go:117.29,119.3 1 1
github.com/wezzels/vigil/pkg/external/adatp3.go:121.2,121.12 1 1
github.com/wezzels/vigil/pkg/external/adatp3.go:125.69,133.25 2 2
github.com/wezzels/vigil/pkg/external/adatp3.go:133.25,135.3 1 1
github.com/wezzels/vigil/pkg/external/adatp3.go:137.2,137.12 1 1
github.com/wezzels/vigil/pkg/external/jtags.go:34.42,36.2 1 3
github.com/wezzels/vigil/pkg/external/jtags.go:39.68,69.2 22 3
github.com/wezzels/vigil/pkg/external/jtags.go:72.68,74.20 2 1
github.com/wezzels/vigil/pkg/external/jtags.go:74.20,76.3 1 0
github.com/wezzels/vigil/pkg/external/jtags.go:78.2,85.26 3 1
github.com/wezzels/vigil/pkg/external/jtags.go:85.26,93.3 7 1
github.com/wezzels/vigil/pkg/external/jtags.go:96.2,96.20 1 1
github.com/wezzels/vigil/pkg/external/jtags.go:96.20,98.17 2 1
github.com/wezzels/vigil/pkg/external/jtags.go:98.17,100.4 1 0
github.com/wezzels/vigil/pkg/external/jtags.go:103.2,103.17 1 1
github.com/wezzels/vigil/pkg/external/jtags.go:115.65,121.2 1 1
github.com/wezzels/vigil/pkg/external/jtags.go:124.43,128.2 2 1
github.com/wezzels/vigil/pkg/external/jtags.go:131.46,134.2 2 1
github.com/wezzels/vigil/pkg/external/jtags.go:137.57,138.18 1 0
github.com/wezzels/vigil/pkg/external/jtags.go:138.18,140.3 1 0
github.com/wezzels/vigil/pkg/external/jtags.go:143.2,143.12 1 0
github.com/wezzels/vigil/pkg/external/jtags.go:147.60,148.18 1 0
github.com/wezzels/vigil/pkg/external/jtags.go:148.18,150.3 1 0
github.com/wezzels/vigil/pkg/external/jtags.go:153.2,153.29 1 0
github.com/wezzels/vigil/pkg/external/jtags.go:157.46,159.2 1 3
github.com/wezzels/vigil/pkg/external/jtags.go:162.60,170.34 2 0
github.com/wezzels/vigil/pkg/external/jtags.go:170.34,172.3 1 0
github.com/wezzels/vigil/pkg/external/jtags.go:174.2,174.12 1 0
github.com/wezzels/vigil/pkg/external/usmtf.go:31.42,33.2 1 4
github.com/wezzels/vigil/pkg/external/usmtf.go:36.68,69.2 25 3
github.com/wezzels/vigil/pkg/external/usmtf.go:72.68,76.29 3 1
github.com/wezzels/vigil/pkg/external/usmtf.go:76.29,77.40 1 12
github.com/wezzels/vigil/pkg/external/usmtf.go:77.40,79.4 1 1
github.com/wezzels/vigil/pkg/external/usmtf.go:79.9,79.45 1 11
github.com/wezzels/vigil/pkg/external/usmtf.go:79.45,81.4 1 1
github.com/wezzels/vigil/pkg/external/usmtf.go:81.9,81.47 1 10
github.com/wezzels/vigil/pkg/external/usmtf.go:81.47,83.4 1 1
github.com/wezzels/vigil/pkg/external/usmtf.go:83.9,83.53 1 9
github.com/wezzels/vigil/pkg/external/usmtf.go:83.53,85.4 1 1
github.com/wezzels/vigil/pkg/external/usmtf.go:85.9,85.57 1 8
github.com/wezzels/vigil/pkg/external/usmtf.go:85.57,87.4 1 1
github.com/wezzels/vigil/pkg/external/usmtf.go:91.2,93.25 3 1
github.com/wezzels/vigil/pkg/external/usmtf.go:93.25,95.3 1 1
github.com/wezzels/vigil/pkg/external/usmtf.go:97.2,97.17 1 1
github.com/wezzels/vigil/pkg/external/usmtf.go:101.60,102.33 1 2
github.com/wezzels/vigil/pkg/external/usmtf.go:102.33,104.3 1 0
github.com/wezzels/vigil/pkg/external/usmtf.go:106.2,113.45 2 2
github.com/wezzels/vigil/pkg/external/usmtf.go:113.45,115.3 1 1
github.com/wezzels/vigil/pkg/external/usmtf.go:117.2,117.12 1 1
github.com/wezzels/vigil/pkg/external/usmtf.go:138.44,140.2 1 3
github.com/wezzels/vigil/pkg/external/usmtf.go:143.70,165.2 16 3
github.com/wezzels/vigil/pkg/external/usmtf.go:168.70,172.29 3 1
github.com/wezzels/vigil/pkg/external/usmtf.go:172.29,173.46 1 9
github.com/wezzels/vigil/pkg/external/usmtf.go:173.46,175.4 1 1
github.com/wezzels/vigil/pkg/external/usmtf.go:175.9,175.53 1 8
github.com/wezzels/vigil/pkg/external/usmtf.go:175.53,177.4 1 1
github.com/wezzels/vigil/pkg/external/usmtf.go:177.9,177.51 1 7
github.com/wezzels/vigil/pkg/external/usmtf.go:177.51,179.4 1 1
github.com/wezzels/vigil/pkg/external/usmtf.go:182.2,182.17 1 1
github.com/wezzels/vigil/pkg/external/usmtf.go:186.62,187.33 1 0
github.com/wezzels/vigil/pkg/external/usmtf.go:187.33,189.3 1 0
github.com/wezzels/vigil/pkg/external/usmtf.go:191.2,191.12 1 0
github.com/wezzels/vigil/pkg/doctrine/doctrine.go:19.37,20.11 1 5
github.com/wezzels/vigil/pkg/doctrine/doctrine.go:21.21,22.20 1 1
github.com/wezzels/vigil/pkg/doctrine/doctrine.go:23.21,24.20 1 1
github.com/wezzels/vigil/pkg/doctrine/doctrine.go:25.21,26.20 1 1
github.com/wezzels/vigil/pkg/doctrine/doctrine.go:27.20,28.19 1 1
github.com/wezzels/vigil/pkg/doctrine/doctrine.go:29.10,30.16 1 1
github.com/wezzels/vigil/pkg/doctrine/doctrine.go:46.37,47.11 1 6
github.com/wezzels/vigil/pkg/doctrine/doctrine.go:48.23,49.21 1 1
github.com/wezzels/vigil/pkg/doctrine/doctrine.go:50.20,51.18 1 1
github.com/wezzels/vigil/pkg/doctrine/doctrine.go:52.17,53.20 1 1
github.com/wezzels/vigil/pkg/doctrine/doctrine.go:54.17,55.15 1 1
github.com/wezzels/vigil/pkg/doctrine/doctrine.go:56.23,57.21 1 1
github.com/wezzels/vigil/pkg/doctrine/doctrine.go:58.10,59.19 1 1
github.com/wezzels/vigil/pkg/doctrine/doctrine.go:128.73,129.21 1 20
github.com/wezzels/vigil/pkg/doctrine/doctrine.go:129.21,131.3 1 9
github.com/wezzels/vigil/pkg/doctrine/doctrine.go:134.2,135.22 2 20
github.com/wezzels/vigil/pkg/doctrine/doctrine.go:135.22,137.3 1 1
github.com/wezzels/vigil/pkg/doctrine/doctrine.go:141.2,141.42 1 20
github.com/wezzels/vigil/pkg/doctrine/doctrine.go:141.42,145.44 2 39
github.com/wezzels/vigil/pkg/doctrine/doctrine.go:145.44,146.12 1 20
github.com/wezzels/vigil/pkg/doctrine/doctrine.go:150.3,150.70 1 19
github.com/wezzels/vigil/pkg/doctrine/doctrine.go:150.70,151.12 1 1
github.com/wezzels/vigil/pkg/doctrine/doctrine.go:155.3,155.64 1 18
github.com/wezzels/vigil/pkg/doctrine/doctrine.go:155.64,156.12 1 1
github.com/wezzels/vigil/pkg/doctrine/doctrine.go:158.3,158.64 1 17
github.com/wezzels/vigil/pkg/doctrine/doctrine.go:158.64,159.12 1 1
github.com/wezzels/vigil/pkg/doctrine/doctrine.go:163.3,163.55 1 16
github.com/wezzels/vigil/pkg/doctrine/doctrine.go:163.55,164.12 1 1
github.com/wezzels/vigil/pkg/doctrine/doctrine.go:166.3,166.55 1 15
github.com/wezzels/vigil/pkg/doctrine/doctrine.go:166.55,167.12 1 1
github.com/wezzels/vigil/pkg/doctrine/doctrine.go:171.3,171.32 1 14
github.com/wezzels/vigil/pkg/doctrine/doctrine.go:171.32,173.40 2 4
github.com/wezzels/vigil/pkg/doctrine/doctrine.go:173.40,174.31 1 7
github.com/wezzels/vigil/pkg/doctrine/doctrine.go:174.31,176.11 2 2
github.com/wezzels/vigil/pkg/doctrine/doctrine.go:179.4,179.14 1 4
github.com/wezzels/vigil/pkg/doctrine/doctrine.go:179.14,180.13 1 2
github.com/wezzels/vigil/pkg/doctrine/doctrine.go:184.3,184.20 1 12
github.com/wezzels/vigil/pkg/doctrine/doctrine.go:187.2,187.18 1 8
github.com/wezzels/vigil/pkg/doctrine/doctrine.go:191.61,192.24 1 6
github.com/wezzels/vigil/pkg/doctrine/doctrine.go:192.24,194.3 1 4
github.com/wezzels/vigil/pkg/doctrine/doctrine.go:195.2,195.16 1 2
github.com/wezzels/vigil/pkg/doctrine/doctrine.go:199.73,201.22 1 6
github.com/wezzels/vigil/pkg/doctrine/doctrine.go:201.22,202.18 1 5
github.com/wezzels/vigil/pkg/doctrine/doctrine.go:203.21,204.24 1 1
github.com/wezzels/vigil/pkg/doctrine/doctrine.go:205.22,206.24 1 1
github.com/wezzels/vigil/pkg/doctrine/doctrine.go:207.22,208.24 1 1
github.com/wezzels/vigil/pkg/doctrine/doctrine.go:209.22,210.20 1 1
github.com/wezzels/vigil/pkg/doctrine/doctrine.go:213.2,213.16 1 2
github.com/wezzels/vigil/pkg/doctrine/doctrine.go:217.59,220.2 2 4
github.com/wezzels/vigil/pkg/doctrine/doctrine.go:223.46,225.2 1 0
github.com/wezzels/vigil/pkg/doctrine/doctrine.go:227.39,236.2 6 0
github.com/wezzels/vigil/pkg/doctrine/doctrine.go:239.49,240.27 1 4
github.com/wezzels/vigil/pkg/doctrine/doctrine.go:240.27,242.3 1 0
github.com/wezzels/vigil/pkg/doctrine/doctrine.go:244.2,245.14 2 4
github.com/wezzels/vigil/pkg/doctrine/doctrine.go:245.14,248.3 1 1
github.com/wezzels/vigil/pkg/doctrine/doctrine.go:250.2,250.47 1 3
github.com/wezzels/vigil/pkg/doctrine/doctrine.go:254.77,263.2 4 4
github.com/wezzels/vigil/pkg/jreap/jreap.go:23.36,24.11 1 3
github.com/wezzels/vigil/pkg/jreap/jreap.go:25.18,26.19 1 1
github.com/wezzels/vigil/pkg/jreap/jreap.go:27.18,28.19 1 1
github.com/wezzels/vigil/pkg/jreap/jreap.go:29.18,30.19 1 1
github.com/wezzels/vigil/pkg/jreap/jreap.go:31.10,32.19 1 0
github.com/wezzels/vigil/pkg/jreap/jreap.go:49.40,58.2 1 7
github.com/wezzels/vigil/pkg/jreap/jreap.go:103.55,104.19 1 7
github.com/wezzels/vigil/pkg/jreap/jreap.go:104.19,106.3 1 6
github.com/wezzels/vigil/pkg/jreap/jreap.go:108.2,113.3 1 7
github.com/wezzels/vigil/pkg/jreap/jreap.go:117.37,121.15 3 2
github.com/wezzels/vigil/pkg/jreap/jreap.go:121.15,123.3 1 1
github.com/wezzels/vigil/pkg/jreap/jreap.go:125.2,125.23 1 1
github.com/wezzels/vigil/pkg/jreap/jreap.go:126.18,127.22 1 1
github.com/wezzels/vigil/pkg/jreap/jreap.go:128.18,129.25 1 0
github.com/wezzels/vigil/pkg/jreap/jreap.go:130.18,131.28 1 0
github.com/wezzels/vigil/pkg/jreap/jreap.go:132.10,133.24 1 0
github.com/wezzels/vigil/pkg/jreap/jreap.go:138.40,142.16 3 1
github.com/wezzels/vigil/pkg/jreap/jreap.go:142.16,144.3 1 0
github.com/wezzels/vigil/pkg/jreap/jreap.go:146.2,151.12 4 1
github.com/wezzels/vigil/pkg/jreap/jreap.go:155.36,156.6 1 1
github.com/wezzels/vigil/pkg/jreap/jreap.go:156.6,158.17 2 1
github.com/wezzels/vigil/pkg/jreap/jreap.go:158.17,159.18 1 1
github.com/wezzels/vigil/pkg/jreap/jreap.go:159.18,161.5 1 1
github.com/wezzels/vigil/pkg/jreap/jreap.go:162.4,163.12 2 0
github.com/wezzels/vigil/pkg/jreap/jreap.go:166.3,170.21 4 0
github.com/wezzels/vigil/pkg/jreap/jreap.go:175.37,178.6 2 0
github.com/wezzels/vigil/pkg/jreap/jreap.go:178.6,179.17 1 0
github.com/wezzels/vigil/pkg/jreap/jreap.go:179.17,181.4 1 0
github.com/wezzels/vigil/pkg/jreap/jreap.go:183.3,183.31 1 0
github.com/wezzels/vigil/pkg/jreap/jreap.go:183.31,185.4 1 0
github.com/wezzels/vigil/pkg/jreap/jreap.go:187.3,188.17 2 0
github.com/wezzels/vigil/pkg/jreap/jreap.go:188.17,189.18 1 0
github.com/wezzels/vigil/pkg/jreap/jreap.go:189.18,191.5 1 0
github.com/wezzels/vigil/pkg/jreap/jreap.go:192.4,196.12 5 0
github.com/wezzels/vigil/pkg/jreap/jreap.go:200.3,201.32 2 0
github.com/wezzels/vigil/pkg/jreap/jreap.go:201.32,208.11 6 0
github.com/wezzels/vigil/pkg/jreap/jreap.go:209.25,209.25 0 0
github.com/wezzels/vigil/pkg/jreap/jreap.go:210.12,210.12 0 0
github.com/wezzels/vigil/pkg/jreap/jreap.go:218.60,221.20 2 1
github.com/wezzels/vigil/pkg/jreap/jreap.go:221.20,223.17 2 2
github.com/wezzels/vigil/pkg/jreap/jreap.go:223.17,224.9 1 0
github.com/wezzels/vigil/pkg/jreap/jreap.go:227.3,228.19 2 2
github.com/wezzels/vigil/pkg/jreap/jreap.go:231.2,231.17 1 1
github.com/wezzels/vigil/pkg/jreap/jreap.go:235.43,239.2 1 0
github.com/wezzels/vigil/pkg/jreap/jreap.go:242.46,246.2 1 0
github.com/wezzels/vigil/pkg/jreap/jreap.go:249.36,253.16 3 1
github.com/wezzels/vigil/pkg/jreap/jreap.go:253.16,255.3 1 0
github.com/wezzels/vigil/pkg/jreap/jreap.go:257.2,259.19 2 1
github.com/wezzels/vigil/pkg/jreap/jreap.go:259.19,261.3 1 0
github.com/wezzels/vigil/pkg/jreap/jreap.go:263.2,263.23 1 1
github.com/wezzels/vigil/pkg/jreap/jreap.go:263.23,265.3 1 1
github.com/wezzels/vigil/pkg/jreap/jreap.go:267.2,267.12 1 1
github.com/wezzels/vigil/pkg/jreap/jreap.go:271.47,275.16 3 1
github.com/wezzels/vigil/pkg/jreap/jreap.go:275.16,277.3 1 1
github.com/wezzels/vigil/pkg/jreap/jreap.go:279.2,279.19 1 0
github.com/wezzels/vigil/pkg/jreap/jreap.go:279.19,281.3 1 0
github.com/wezzels/vigil/pkg/jreap/jreap.go:284.2,287.31 3 0
github.com/wezzels/vigil/pkg/jreap/jreap.go:287.31,289.3 1 0
github.com/wezzels/vigil/pkg/jreap/jreap.go:291.2,292.16 2 0
github.com/wezzels/vigil/pkg/jreap/jreap.go:292.16,295.3 2 0
github.com/wezzels/vigil/pkg/jreap/jreap.go:297.2,301.12 4 0
github.com/wezzels/vigil/pkg/jreap/jreap.go:305.48,307.2 1 1
github.com/wezzels/vigil/pkg/jreap/jreap.go:310.45,312.2 1 1
github.com/wezzels/vigil/pkg/jreap/jreap.go:315.43,319.2 3 1
github.com/wezzels/vigil/pkg/jreap/jreap.go:322.57,323.19 1 5
github.com/wezzels/vigil/pkg/jreap/jreap.go:323.19,325.3 1 1
github.com/wezzels/vigil/pkg/jreap/jreap.go:328.2,328.21 1 4
github.com/wezzels/vigil/pkg/jreap/jreap.go:328.21,330.3 1 1
github.com/wezzels/vigil/pkg/jreap/jreap.go:332.2,340.49 7 3
github.com/wezzels/vigil/pkg/jreap/jreap.go:340.49,342.3 1 0
github.com/wezzels/vigil/pkg/jreap/jreap.go:345.2,351.47 5 3
github.com/wezzels/vigil/pkg/jreap/jreap.go:351.47,353.3 1 0
github.com/wezzels/vigil/pkg/jreap/jreap.go:353.8,355.3 1 3
github.com/wezzels/vigil/pkg/jreap/jreap.go:357.2,362.28 3 3
github.com/wezzels/vigil/pkg/jreap/jreap.go:366.40,382.2 3 5
github.com/wezzels/vigil/pkg/jreap/jreap.go:385.38,398.2 9 4
github.com/wezzels/vigil/pkg/jreap/jreap.go:401.44,404.25 2 10
github.com/wezzels/vigil/pkg/jreap/jreap.go:404.25,406.3 1 27
github.com/wezzels/vigil/pkg/jreap/jreap.go:408.2,408.26 1 10
github.com/wezzels/vigil/pkg/jreap/jreap.go:428.37,430.2 1 7
github.com/wezzels/vigil/pkg/link16/j120.go:74.34,76.2 1 5
github.com/wezzels/vigil/pkg/link16/j120.go:79.66,80.32 1 3
github.com/wezzels/vigil/pkg/link16/j120.go:80.32,82.3 1 1
github.com/wezzels/vigil/pkg/link16/j120.go:84.2,113.17 18 2
github.com/wezzels/vigil/pkg/link16/j120.go:117.59,145.2 11 2
github.com/wezzels/vigil/pkg/link16/j120.go:148.53,149.21 1 14
github.com/wezzels/vigil/pkg/link16/j120.go:150.26,151.19 1 0
github.com/wezzels/vigil/pkg/link16/j120.go:152.22,153.15 1 1
github.com/wezzels/vigil/pkg/link16/j120.go:154.25,155.18 1 0
github.com/wezzels/vigil/pkg/link16/j120.go:156.25,157.18 1 2
github.com/wezzels/vigil/pkg/link16/j120.go:158.23,159.16 1 1
github.com/wezzels/vigil/pkg/link16/j120.go:160.22,161.15 1 1
github.com/wezzels/vigil/pkg/link16/j120.go:162.24,163.17 1 1
github.com/wezzels/vigil/pkg/link16/j120.go:164.23,165.16 1 1
github.com/wezzels/vigil/pkg/link16/j120.go:166.24,167.17 1 1
github.com/wezzels/vigil/pkg/link16/j120.go:168.25,169.18 1 1
github.com/wezzels/vigil/pkg/link16/j120.go:170.21,171.14 1 1
github.com/wezzels/vigil/pkg/link16/j120.go:172.27,173.20 1 1
github.com/wezzels/vigil/pkg/link16/j120.go:174.23,175.16 1 1
github.com/wezzels/vigil/pkg/link16/j120.go:176.27,177.20 1 1
github.com/wezzels/vigil/pkg/link16/j120.go:178.24,179.17 1 0
github.com/wezzels/vigil/pkg/link16/j120.go:180.10,181.19 1 1
github.com/wezzels/vigil/pkg/link16/j120.go:186.50,187.16 1 10
github.com/wezzels/vigil/pkg/link16/j120.go:188.25,189.19 1 1
github.com/wezzels/vigil/pkg/link16/j120.go:190.26,191.20 1 1
github.com/wezzels/vigil/pkg/link16/j120.go:192.24,193.18 1 2
github.com/wezzels/vigil/pkg/link16/j120.go:194.26,195.20 1 1
github.com/wezzels/vigil/pkg/link16/j120.go:196.27,197.21 1 1
github.com/wezzels/vigil/pkg/link16/j120.go:198.25,199.19 1 1
github.com/wezzels/vigil/pkg/link16/j120.go:200.25,201.19 1 1
github.com/wezzels/vigil/pkg/link16/j120.go:202.27,203.21 1 1
github.com/wezzels/vigil/pkg/link16/j120.go:204.10,205.19 1 1
github.com/wezzels/vigil/pkg/link16/j120.go:210.53,211.16 1 6
github.com/wezzels/vigil/pkg/link16/j120.go:212.29,213.19 1 1
github.com/wezzels/vigil/pkg/link16/j120.go:214.30,215.20 1 1
github.com/wezzels/vigil/pkg/link16/j120.go:216.30,217.20 1 1
github.com/wezzels/vigil/pkg/link16/j120.go:218.30,219.20 1 1
github.com/wezzels/vigil/pkg/link16/j120.go:220.28,221.18 1 1
github.com/wezzels/vigil/pkg/link16/j120.go:222.10,223.19 1 1
github.com/wezzels/vigil/pkg/link16/j120.go:233.36,239.2 1 1
github.com/wezzels/vigil/pkg/link16/j120.go:242.62,245.2 2 1
github.com/wezzels/vigil/pkg/link16/j120.go:248.60,251.2 2 1
github.com/wezzels/vigil/pkg/link16/j120.go:254.70,257.2 2 1
github.com/wezzels/vigil/pkg/link16/j120.go:260.60,263.2 2 1
github.com/wezzels/vigil/pkg/link16/j120.go:266.64,269.2 2 1
github.com/wezzels/vigil/pkg/link16/j120.go:272.69,277.2 4 1
github.com/wezzels/vigil/pkg/link16/j120.go:280.78,284.2 3 1
github.com/wezzels/vigil/pkg/link16/j120.go:287.70,290.2 2 1
github.com/wezzels/vigil/pkg/link16/j120.go:293.67,297.2 3 1
github.com/wezzels/vigil/pkg/link16/j120.go:300.44,302.2 1 1
github.com/wezzels/vigil/pkg/link16/j120.go:319.50,332.2 1 1
github.com/wezzels/vigil/pkg/link16/j32.go:20.35,22.2 1 0
github.com/wezzels/vigil/pkg/link16/j32.go:74.32,76.2 1 6
github.com/wezzels/vigil/pkg/link16/j32.go:79.64,80.31 1 6
github.com/wezzels/vigil/pkg/link16/j32.go:80.31,82.3 1 1
github.com/wezzels/vigil/pkg/link16/j32.go:84.2,112.17 18 5
github.com/wezzels/vigil/pkg/link16/j32.go:116.57,142.2 10 5
github.com/wezzels/vigil/pkg/link16/j32.go:145.47,146.18 1 15
github.com/wezzels/vigil/pkg/link16/j32.go:147.23,148.19 1 3
github.com/wezzels/vigil/pkg/link16/j32.go:149.23,150.19 1 2
github.com/wezzels/vigil/pkg/link16/j32.go:151.29,152.26 1 2
github.com/wezzels/vigil/pkg/link16/j32.go:153.22,154.18 1 4
github.com/wezzels/vigil/pkg/link16/j32.go:155.23,156.19 1 1
github.com/wezzels/vigil/pkg/link16/j32.go:157.23,158.19 1 1
github.com/wezzels/vigil/pkg/link16/j32.go:159.23,160.19 1 1
github.com/wezzels/vigil/pkg/link16/j32.go:161.10,162.19 1 1
github.com/wezzels/vigil/pkg/link16/j32.go:167.45,168.13 1 7
github.com/wezzels/vigil/pkg/link16/j32.go:169.14,170.15 1 3
github.com/wezzels/vigil/pkg/link16/j32.go:171.18,172.19 1 1
github.com/wezzels/vigil/pkg/link16/j32.go:173.21,174.22 1 1
github.com/wezzels/vigil/pkg/link16/j32.go:175.15,176.16 1 1
github.com/wezzels/vigil/pkg/link16/j32.go:177.10,178.19 1 1
github.com/wezzels/vigil/pkg/link16/j32.go:188.34,194.2 1 1
github.com/wezzels/vigil/pkg/link16/j32.go:197.60,200.2 2 1
github.com/wezzels/vigil/pkg/link16/j32.go:203.69,208.2 4 1
github.com/wezzels/vigil/pkg/link16/j32.go:211.70,215.2 3 1
github.com/wezzels/vigil/pkg/link16/j32.go:218.62,221.2 2 1
github.com/wezzels/vigil/pkg/link16/j32.go:224.56,227.2 2 1
github.com/wezzels/vigil/pkg/link16/j32.go:230.60,233.2 2 1
github.com/wezzels/vigil/pkg/link16/j32.go:236.60,239.2 2 1
github.com/wezzels/vigil/pkg/link16/j32.go:242.42,244.2 1 1
github.com/wezzels/vigil/pkg/link16/j32.go:259.44,270.2 1 1
github.com/wezzels/vigil/pkg/link16/j32.go:273.45,276.70 2 1
github.com/wezzels/vigil/pkg/link16/j32.go:276.70,277.46 1 4
github.com/wezzels/vigil/pkg/link16/j32.go:277.46,279.9 2 1
github.com/wezzels/vigil/pkg/link16/j32.go:283.2,284.72 2 1
github.com/wezzels/vigil/pkg/link16/j32.go:284.72,285.51 1 1
github.com/wezzels/vigil/pkg/link16/j32.go:285.51,287.9 2 1
github.com/wezzels/vigil/pkg/link16/j32.go:291.2,303.3 1 1
github.com/wezzels/vigil/pkg/link16/j70.go:61.32,63.2 1 7
github.com/wezzels/vigil/pkg/link16/j70.go:66.64,67.20 1 17
github.com/wezzels/vigil/pkg/link16/j70.go:67.20,69.3 1 1
github.com/wezzels/vigil/pkg/link16/j70.go:71.2,88.17 12 16
github.com/wezzels/vigil/pkg/link16/j70.go:92.57,109.2 4 16
github.com/wezzels/vigil/pkg/link16/j70.go:112.43,113.16 1 8
github.com/wezzels/vigil/pkg/link16/j70.go:114.25,115.21 1 1
github.com/wezzels/vigil/pkg/link16/j70.go:116.23,117.18 1 1
github.com/wezzels/vigil/pkg/link16/j70.go:118.23,119.18 1 1
github.com/wezzels/vigil/pkg/link16/j70.go:120.26,121.21 1 1
github.com/wezzels/vigil/pkg/link16/j70.go:122.28,123.23 1 0
github.com/wezzels/vigil/pkg/link16/j70.go:124.22,125.17 1 1
github.com/wezzels/vigil/pkg/link16/j70.go:126.22,127.17 1 1
github.com/wezzels/vigil/pkg/link16/j70.go:128.25,129.21 1 0
github.com/wezzels/vigil/pkg/link16/j70.go:130.26,131.22 1 1
github.com/wezzels/vigil/pkg/link16/j70.go:132.24,133.19 1 0
github.com/wezzels/vigil/pkg/link16/j70.go:134.24,135.19 1 0
github.com/wezzels/vigil/pkg/link16/j70.go:136.28,137.24 1 0
github.com/wezzels/vigil/pkg/link16/j70.go:138.28,139.24 1 0
github.com/wezzels/vigil/pkg/link16/j70.go:140.26,141.22 1 0
github.com/wezzels/vigil/pkg/link16/j70.go:142.27,143.23 1 0
github.com/wezzels/vigil/pkg/link16/j70.go:144.26,145.21 1 0
github.com/wezzels/vigil/pkg/link16/j70.go:146.10,147.19 1 1
github.com/wezzels/vigil/pkg/link16/j70.go:152.43,153.16 1 7
github.com/wezzels/vigil/pkg/link16/j70.go:154.24,155.19 1 1
github.com/wezzels/vigil/pkg/link16/j70.go:156.27,157.22 1 1
github.com/wezzels/vigil/pkg/link16/j70.go:158.26,159.21 1 1
github.com/wezzels/vigil/pkg/link16/j70.go:160.26,161.21 1 1
github.com/wezzels/vigil/pkg/link16/j70.go:162.25,163.20 1 1
github.com/wezzels/vigil/pkg/link16/j70.go:164.26,165.21 1 0
github.com/wezzels/vigil/pkg/link16/j70.go:166.21,167.16 1 1
github.com/wezzels/vigil/pkg/link16/j70.go:168.24,169.19 1 0
github.com/wezzels/vigil/pkg/link16/j70.go:170.10,171.19 1 1
github.com/wezzels/vigil/pkg/link16/j70.go:181.34,187.2 1 1
github.com/wezzels/vigil/pkg/link16/j70.go:190.60,193.2 2 1
github.com/wezzels/vigil/pkg/link16/j70.go:196.58,199.2 2 1
github.com/wezzels/vigil/pkg/link16/j70.go:202.60,205.2 2 1
github.com/wezzels/vigil/pkg/link16/j70.go:208.62,211.2 2 1
github.com/wezzels/vigil/pkg/link16/j70.go:214.56,217.2 2 1
github.com/wezzels/vigil/pkg/link16/j70.go:220.60,223.2 2 1
github.com/wezzels/vigil/pkg/link16/j70.go:226.58,229.2 2 1
github.com/wezzels/vigil/pkg/link16/j70.go:232.59,235.2 2 1
github.com/wezzels/vigil/pkg/link16/j70.go:238.59,241.2 2 1
github.com/wezzels/vigil/pkg/link16/j70.go:244.42,246.2 1 1
github.com/wezzels/vigil/pkg/link16/j70.go:257.49,264.2 1 1
github.com/wezzels/vigil/pkg/link16/j70.go:267.52,274.2 1 1
github.com/wezzels/vigil/pkg/link16/j70.go:277.52,284.2 1 1
github.com/wezzels/vigil/pkg/link16/j70.go:287.62,294.2 1 1
github.com/wezzels/vigil/pkg/link16/j70.go:297.58,304.2 1 1
github.com/wezzels/vigil/dis-pdu/deadreckoning.go:54.52,57.19 2 28
github.com/wezzels/vigil/dis-pdu/deadreckoning.go:58.17,58.17 0 3
github.com/wezzels/vigil/dis-pdu/deadreckoning.go:61.14,61.14 0 1
github.com/wezzels/vigil/dis-pdu/deadreckoning.go:65.14,70.24 3 15
github.com/wezzels/vigil/dis-pdu/deadreckoning.go:72.14,81.25 6 2
github.com/wezzels/vigil/dis-pdu/deadreckoning.go:83.14,88.24 3 2
github.com/wezzels/vigil/dis-pdu/deadreckoning.go:90.14,93.34 1 1
github.com/wezzels/vigil/dis-pdu/deadreckoning.go:95.14,98.32 1 1
github.com/wezzels/vigil/dis-pdu/deadreckoning.go:100.19,102.29 1 1
github.com/wezzels/vigil/dis-pdu/deadreckoning.go:106.2,113.31 6 28
github.com/wezzels/vigil/dis-pdu/deadreckoning.go:117.61,124.2 4 1
github.com/wezzels/vigil/dis-pdu/deadreckoning.go:127.59,140.2 8 1
github.com/wezzels/vigil/dis-pdu/deadreckoning.go:143.79,159.2 10 5
github.com/wezzels/vigil/dis-pdu/deadreckoning.go:162.56,169.2 3 1
github.com/wezzels/vigil/dis-pdu/deadreckoning.go:172.40,173.18 1 89
github.com/wezzels/vigil/dis-pdu/deadreckoning.go:173.18,175.3 1 3
github.com/wezzels/vigil/dis-pdu/deadreckoning.go:176.2,176.19 1 89
github.com/wezzels/vigil/dis-pdu/deadreckoning.go:176.19,178.3 1 3
github.com/wezzels/vigil/dis-pdu/deadreckoning.go:179.2,179.10 1 89
github.com/wezzels/vigil/dis-pdu/deadreckoning.go:183.63,198.2 5 2
github.com/wezzels/vigil/dis-pdu/deadreckoning.go:201.79,207.2 4 1
github.com/wezzels/vigil/dis-pdu/pdu.go:181.46,200.2 1 7
github.com/wezzels/vigil/dis-pdu/pdu.go:244.44,331.40 58 6
github.com/wezzels/vigil/dis-pdu/pdu.go:331.40,335.3 3 1
github.com/wezzels/vigil/dis-pdu/pdu.go:337.2,337.12 1 6
github.com/wezzels/vigil/dis-pdu/pdu.go:341.42,347.2 5 13
github.com/wezzels/vigil/dis-pdu/pdu.go:350.41,353.26 3 6
github.com/wezzels/vigil/dis-pdu/pdu.go:353.26,355.3 1 66
github.com/wezzels/vigil/dis-pdu/pdu.go:356.2,356.12 1 6
github.com/wezzels/vigil/dis-pdu/pdu.go:361.62,385.2 12 9
github.com/wezzels/vigil/dis-pdu/pdu.go:389.62,420.2 12 8
github.com/wezzels/vigil/dis-pdu/pdu.go:427.46,432.2 2 4
github.com/wezzels/vigil/dis-pdu/pdu.go:435.64,439.2 2 3
github.com/wezzels/vigil/dis-pdu/pdu.go:442.65,443.21 1 2
github.com/wezzels/vigil/dis-pdu/pdu.go:443.21,445.3 1 1
github.com/wezzels/vigil/dis-pdu/pdu.go:447.2,529.40 27 1
github.com/wezzels/vigil/dis-pdu/pdu.go:529.40,530.28 1 0
github.com/wezzels/vigil/dis-pdu/pdu.go:530.28,531.9 1 0
github.com/wezzels/vigil/dis-pdu/pdu.go:533.3,538.15 4 0
github.com/wezzels/vigil/dis-pdu/pdu.go:541.2,541.17 1 1
github.com/wezzels/vigil/dis-pdu/pdu.go:545.51,546.20 1 2
github.com/wezzels/vigil/dis-pdu/pdu.go:546.20,548.3 1 1
github.com/wezzels/vigil/dis-pdu/pdu.go:550.2,612.17 16 1
github.com/wezzels/vigil/dis-pdu/pdu.go:616.63,617.21 1 2
github.com/wezzels/vigil/dis-pdu/pdu.go:617.21,619.3 1 1
github.com/wezzels/vigil/dis-pdu/pdu.go:621.2,680.17 15 1
github.com/wezzels/vigil/pkg/geo/registration.go:63.54,75.2 1 18
github.com/wezzels/vigil/pkg/geo/registration.go:78.76,79.19 1 17
github.com/wezzels/vigil/pkg/geo/registration.go:79.19,81.3 1 10
github.com/wezzels/vigil/pkg/geo/registration.go:83.2,87.3 1 17
github.com/wezzels/vigil/pkg/geo/registration.go:91.92,113.2 6 23
github.com/wezzels/vigil/pkg/geo/registration.go:116.113,121.48 3 78
github.com/wezzels/vigil/pkg/geo/registration.go:121.48,128.3 2 0
github.com/wezzels/vigil/pkg/geo/registration.go:131.2,149.56 3 78
github.com/wezzels/vigil/pkg/geo/registration.go:149.56,151.3 1 10
github.com/wezzels/vigil/pkg/geo/registration.go:154.2,154.35 1 78
github.com/wezzels/vigil/pkg/geo/registration.go:158.69,162.43 3 78
github.com/wezzels/vigil/pkg/geo/registration.go:162.43,165.3 2 31
github.com/wezzels/vigil/pkg/geo/registration.go:168.2,171.30 3 47
github.com/wezzels/vigil/pkg/geo/registration.go:171.30,180.3 6 431
github.com/wezzels/vigil/pkg/geo/registration.go:182.2,182.20 1 47
github.com/wezzels/vigil/pkg/geo/registration.go:182.20,184.3 1 0
github.com/wezzels/vigil/pkg/geo/registration.go:186.2,194.30 3 47
github.com/wezzels/vigil/pkg/geo/registration.go:194.30,198.3 3 431
github.com/wezzels/vigil/pkg/geo/registration.go:199.2,211.25 5 47
github.com/wezzels/vigil/pkg/geo/registration.go:211.25,212.55 1 141
github.com/wezzels/vigil/pkg/geo/registration.go:212.55,214.4 1 0
github.com/wezzels/vigil/pkg/geo/registration.go:218.2,232.46 10 47
github.com/wezzels/vigil/pkg/geo/registration.go:232.46,235.3 2 18
github.com/wezzels/vigil/pkg/geo/registration.go:235.8,235.48 1 29
github.com/wezzels/vigil/pkg/geo/registration.go:235.48,238.3 2 0
github.com/wezzels/vigil/pkg/geo/registration.go:242.96,247.44 4 1
github.com/wezzels/vigil/pkg/geo/registration.go:247.44,249.3 1 0
github.com/wezzels/vigil/pkg/geo/registration.go:252.2,256.3 1 1
github.com/wezzels/vigil/pkg/geo/registration.go:260.96,265.44 4 1
github.com/wezzels/vigil/pkg/geo/registration.go:265.44,267.3 1 0
github.com/wezzels/vigil/pkg/geo/registration.go:269.2,273.3 1 1
github.com/wezzels/vigil/pkg/geo/registration.go:277.87,282.44 4 1
github.com/wezzels/vigil/pkg/geo/registration.go:282.44,284.3 1 0
github.com/wezzels/vigil/pkg/geo/registration.go:286.2,286.34 1 1
github.com/wezzels/vigil/pkg/geo/registration.go:290.109,295.44 4 1
github.com/wezzels/vigil/pkg/geo/registration.go:295.44,297.3 1 0
github.com/wezzels/vigil/pkg/geo/registration.go:299.2,299.67 1 1
github.com/wezzels/vigil/pkg/geo/registration.go:303.68,307.2 3 4
github.com/wezzels/vigil/pkg/geo/registration.go:310.69,315.31 4 1
github.com/wezzels/vigil/pkg/geo/registration.go:315.31,317.3 1 4
github.com/wezzels/vigil/pkg/geo/registration.go:318.2,318.15 1 1
github.com/wezzels/vigil/pkg/geo/registration.go:322.72,326.2 3 6
github.com/wezzels/vigil/pkg/geo/registration.go:329.59,334.41 4 1
github.com/wezzels/vigil/pkg/geo/registration.go:334.41,335.30 1 3
github.com/wezzels/vigil/pkg/geo/registration.go:335.30,337.4 1 2
github.com/wezzels/vigil/pkg/geo/registration.go:339.2,339.15 1 1
github.com/wezzels/vigil/pkg/geo/registration.go:343.58,347.50 3 1
github.com/wezzels/vigil/pkg/geo/registration.go:347.50,356.3 8 1
github.com/wezzels/vigil/pkg/geo/registration.go:358.2,358.46 1 1
github.com/wezzels/vigil/pkg/geo/registration.go:362.61,368.2 4 1
github.com/wezzels/vigil/pkg/geo/registration.go:371.57,379.34 6 1
github.com/wezzels/vigil/pkg/geo/registration.go:379.34,380.22 1 3
github.com/wezzels/vigil/pkg/geo/registration.go:381.21,382.16 1 1
github.com/wezzels/vigil/pkg/geo/registration.go:383.17,384.12 1 1
github.com/wezzels/vigil/pkg/geo/registration.go:385.19,386.14 1 1
github.com/wezzels/vigil/pkg/geo/registration.go:390.2,395.3 1 1
github.com/wezzels/vigil/pkg/geo/registration.go:407.69,412.25 4 1
github.com/wezzels/vigil/pkg/geo/registration.go:412.25,414.3 1 0
github.com/wezzels/vigil/pkg/geo/registration.go:416.2,417.30 2 1
github.com/wezzels/vigil/pkg/geo/registration.go:417.30,421.3 1 3
github.com/wezzels/vigil/pkg/geo/registration.go:423.2,423.51 1 1
github.com/wezzels/vigil/pkg/geo/registration.go:427.79,432.13 4 1
github.com/wezzels/vigil/pkg/geo/registration.go:432.13,434.3 1 0
github.com/wezzels/vigil/pkg/geo/registration.go:436.2,438.45 1 1
github.com/wezzels/vigil/pkg/geo/timealign.go:40.48,51.2 1 20
github.com/wezzels/vigil/pkg/geo/timealign.go:54.59,55.19 1 19
github.com/wezzels/vigil/pkg/geo/timealign.go:55.19,57.3 1 18
github.com/wezzels/vigil/pkg/geo/timealign.go:58.2,58.37 1 19
github.com/wezzels/vigil/pkg/geo/timealign.go:62.109,63.22 1 26
github.com/wezzels/vigil/pkg/geo/timealign.go:63.22,65.3 1 0
github.com/wezzels/vigil/pkg/geo/timealign.go:68.2,68.22 1 26
github.com/wezzels/vigil/pkg/geo/timealign.go:68.22,70.44 1 3
github.com/wezzels/vigil/pkg/geo/timealign.go:70.44,72.4 1 2
github.com/wezzels/vigil/pkg/geo/timealign.go:72.9,74.4 1 1
github.com/wezzels/vigil/pkg/geo/timealign.go:78.2,79.24 2 23
github.com/wezzels/vigil/pkg/geo/timealign.go:79.24,80.86 1 51
github.com/wezzels/vigil/pkg/geo/timealign.go:80.86,82.4 1 32
github.com/wezzels/vigil/pkg/geo/timealign.go:83.3,83.60 1 51
github.com/wezzels/vigil/pkg/geo/timealign.go:83.60,85.4 1 17
github.com/wezzels/vigil/pkg/geo/timealign.go:89.2,89.57 1 23
github.com/wezzels/vigil/pkg/geo/timealign.go:89.57,91.3 1 12
github.com/wezzels/vigil/pkg/geo/timealign.go:94.2,94.35 1 11
github.com/wezzels/vigil/pkg/geo/timealign.go:94.35,96.3 1 0
github.com/wezzels/vigil/pkg/geo/timealign.go:99.2,99.35 1 11
github.com/wezzels/vigil/pkg/geo/timealign.go:99.35,101.3 1 1
github.com/wezzels/vigil/pkg/geo/timealign.go:104.2,104.56 1 10
github.com/wezzels/vigil/pkg/geo/timealign.go:108.113,111.41 2 10
github.com/wezzels/vigil/pkg/geo/timealign.go:111.41,113.3 1 1
github.com/wezzels/vigil/pkg/geo/timealign.go:116.2,117.19 2 9
github.com/wezzels/vigil/pkg/geo/timealign.go:117.19,119.3 1 0
github.com/wezzels/vigil/pkg/geo/timealign.go:121.2,146.3 6 9
github.com/wezzels/vigil/pkg/geo/timealign.go:150.105,154.44 2 3
github.com/wezzels/vigil/pkg/geo/timealign.go:154.44,156.3 1 2
github.com/wezzels/vigil/pkg/geo/timealign.go:158.2,175.3 4 1
github.com/wezzels/vigil/pkg/geo/timealign.go:179.107,183.44 2 1
github.com/wezzels/vigil/pkg/geo/timealign.go:183.44,185.3 1 0
github.com/wezzels/vigil/pkg/geo/timealign.go:187.2,203.3 4 1
github.com/wezzels/vigil/pkg/geo/timealign.go:207.110,210.41 2 4
github.com/wezzels/vigil/pkg/geo/timealign.go:210.41,212.19 2 16
github.com/wezzels/vigil/pkg/geo/timealign.go:212.19,214.4 1 16
github.com/wezzels/vigil/pkg/geo/timealign.go:217.2,217.15 1 4
github.com/wezzels/vigil/pkg/geo/timealign.go:221.127,224.38 2 1
github.com/wezzels/vigil/pkg/geo/timealign.go:224.38,226.23 2 2
github.com/wezzels/vigil/pkg/geo/timealign.go:226.23,228.4 1 2
github.com/wezzels/vigil/pkg/geo/timealign.go:231.2,231.15 1 1
github.com/wezzels/vigil/pkg/geo/timealign.go:235.103,239.35 2 2
github.com/wezzels/vigil/pkg/geo/timealign.go:239.35,241.3 1 1
github.com/wezzels/vigil/pkg/geo/timealign.go:243.2,260.3 4 1
github.com/wezzels/vigil/pkg/geo/timealign.go:264.86,265.21 1 1
github.com/wezzels/vigil/pkg/geo/timealign.go:265.21,267.3 1 0
github.com/wezzels/vigil/pkg/geo/timealign.go:269.2,271.24 2 1
github.com/wezzels/vigil/pkg/geo/timealign.go:271.24,276.24 4 3
github.com/wezzels/vigil/pkg/geo/timealign.go:276.24,279.14 2 2
github.com/wezzels/vigil/pkg/geo/timealign.go:279.14,285.5 1 2
github.com/wezzels/vigil/pkg/geo/timealign.go:285.10,287.5 1 0
github.com/wezzels/vigil/pkg/geo/timealign.go:288.9,291.4 1 1
github.com/wezzels/vigil/pkg/geo/timealign.go:294.2,294.15 1 1
github.com/wezzels/vigil/pkg/geo/timealign.go:298.96,299.30 1 1
github.com/wezzels/vigil/pkg/geo/timealign.go:299.30,301.3 1 0
github.com/wezzels/vigil/pkg/geo/timealign.go:303.2,306.24 3 1
github.com/wezzels/vigil/pkg/geo/timealign.go:306.24,311.16 3 3
github.com/wezzels/vigil/pkg/geo/timealign.go:311.16,313.4 1 1
github.com/wezzels/vigil/pkg/geo/timealign.go:314.3,315.24 2 3
github.com/wezzels/vigil/pkg/geo/timealign.go:315.24,317.4 1 1
github.com/wezzels/vigil/pkg/geo/timealign.go:319.3,321.32 3 3
github.com/wezzels/vigil/pkg/geo/timealign.go:321.32,326.4 4 7
github.com/wezzels/vigil/pkg/geo/timealign.go:328.3,336.32 3 3
github.com/wezzels/vigil/pkg/geo/timealign.go:336.32,340.4 3 7
github.com/wezzels/vigil/pkg/geo/timealign.go:342.3,349.70 2 3
github.com/wezzels/vigil/pkg/geo/timealign.go:352.2,352.15 1 1
github.com/wezzels/vigil/pkg/geo/timealign.go:356.106,357.22 1 1
github.com/wezzels/vigil/pkg/geo/timealign.go:357.22,359.3 1 0
github.com/wezzels/vigil/pkg/geo/timealign.go:361.2,365.61 4 1
github.com/wezzels/vigil/pkg/geo/timealign.go:365.61,367.3 1 5
github.com/wezzels/vigil/pkg/geo/timealign.go:369.2,369.49 1 1
github.com/wezzels/vigil/pkg/geo/timealign.go:373.79,374.22 1 3
github.com/wezzels/vigil/pkg/geo/timealign.go:374.22,376.3 1 0
github.com/wezzels/vigil/pkg/geo/timealign.go:378.2,378.35 1 3
github.com/wezzels/vigil/pkg/geo/timealign.go:378.35,380.56 1 4
github.com/wezzels/vigil/pkg/geo/timealign.go:380.56,382.4 1 1
github.com/wezzels/vigil/pkg/geo/timealign.go:385.3,391.13 6 3
github.com/wezzels/vigil/pkg/geo/timealign.go:391.13,393.40 2 3
github.com/wezzels/vigil/pkg/geo/timealign.go:393.40,395.5 1 1
github.com/wezzels/vigil/pkg/geo/timealign.go:399.2,399.17 1 1
github.com/wezzels/vigil/pkg/geo/timealign.go:403.75,404.22 1 1
github.com/wezzels/vigil/pkg/geo/timealign.go:404.22,406.3 1 0
github.com/wezzels/vigil/pkg/geo/timealign.go:408.2,409.27 2 1
github.com/wezzels/vigil/pkg/geo/timealign.go:409.27,411.3 1 3
github.com/wezzels/vigil/pkg/geo/timealign.go:413.2,413.43 1 1
github.com/wezzels/vigil/pkg/geo/timealign.go:417.116,422.32 2 1
github.com/wezzels/vigil/pkg/geo/timealign.go:422.32,424.19 2 4
github.com/wezzels/vigil/pkg/geo/timealign.go:424.19,426.4 1 1
github.com/wezzels/vigil/pkg/geo/timealign.go:426.9,429.4 2 3
github.com/wezzels/vigil/pkg/geo/timealign.go:432.2,432.40 1 1
github.com/wezzels/vigil/pkg/geo/timealign.go:432.40,434.3 1 1
github.com/wezzels/vigil/pkg/geo/timealign.go:436.2,436.14 1 1
github.com/wezzels/vigil/pkg/fusion/jpda.go:56.38,64.2 1 21
github.com/wezzels/vigil/pkg/fusion/jpda.go:67.79,90.2 12 130
github.com/wezzels/vigil/pkg/fusion/jpda.go:94.83,97.33 2 118
github.com/wezzels/vigil/pkg/fusion/jpda.go:97.33,98.31 1 121
github.com/wezzels/vigil/pkg/fusion/jpda.go:98.31,101.29 2 128
github.com/wezzels/vigil/pkg/fusion/jpda.go:101.29,112.5 3 120
github.com/wezzels/vigil/pkg/fusion/jpda.go:116.2,116.21 1 118
github.com/wezzels/vigil/pkg/fusion/jpda.go:120.78,126.33 3 106
github.com/wezzels/vigil/pkg/fusion/jpda.go:126.33,128.3 1 103
github.com/wezzels/vigil/pkg/fusion/jpda.go:131.2,131.43 1 106
github.com/wezzels/vigil/pkg/fusion/jpda.go:131.43,133.19 2 103
github.com/wezzels/vigil/pkg/fusion/jpda.go:133.19,134.12 1 0
github.com/wezzels/vigil/pkg/fusion/jpda.go:138.3,139.28 2 103
github.com/wezzels/vigil/pkg/fusion/jpda.go:139.28,141.4 1 103
github.com/wezzels/vigil/pkg/fusion/jpda.go:142.3,142.21 1 103
github.com/wezzels/vigil/pkg/fusion/jpda.go:142.21,143.12 1 0
github.com/wezzels/vigil/pkg/fusion/jpda.go:147.3,151.28 4 103
github.com/wezzels/vigil/pkg/fusion/jpda.go:151.28,153.16 2 103
github.com/wezzels/vigil/pkg/fusion/jpda.go:153.16,154.13 1 0
github.com/wezzels/vigil/pkg/fusion/jpda.go:156.4,159.28 4 103
github.com/wezzels/vigil/pkg/fusion/jpda.go:163.3,168.22 6 103
github.com/wezzels/vigil/pkg/fusion/jpda.go:172.2,172.33 1 106
github.com/wezzels/vigil/pkg/fusion/jpda.go:172.33,174.34 2 104
github.com/wezzels/vigil/pkg/fusion/jpda.go:174.34,175.31 1 103
github.com/wezzels/vigil/pkg/fusion/jpda.go:175.31,177.10 2 103
github.com/wezzels/vigil/pkg/fusion/jpda.go:181.3,181.18 1 104
github.com/wezzels/vigil/pkg/fusion/jpda.go:181.18,183.4 1 1
github.com/wezzels/vigil/pkg/fusion/jpda.go:187.2,187.23 1 106
github.com/wezzels/vigil/pkg/fusion/jpda.go:191.62,192.36 1 9
github.com/wezzels/vigil/pkg/fusion/jpda.go:192.36,194.3 1 2
github.com/wezzels/vigil/pkg/fusion/jpda.go:196.2,212.14 4 7
github.com/wezzels/vigil/pkg/fusion/jpda.go:216.50,217.31 1 106
github.com/wezzels/vigil/pkg/fusion/jpda.go:217.31,218.41 1 106
github.com/wezzels/vigil/pkg/fusion/jpda.go:218.41,220.4 1 2
github.com/wezzels/vigil/pkg/fusion/jpda.go:225.75,226.33 1 103
github.com/wezzels/vigil/pkg/fusion/jpda.go:226.33,227.17 1 103
github.com/wezzels/vigil/pkg/fusion/jpda.go:227.17,229.4 1 103
github.com/wezzels/vigil/pkg/fusion/jpda.go:231.2,231.12 1 0
github.com/wezzels/vigil/pkg/fusion/kalman.go:27.38,41.2 8 9
github.com/wezzels/vigil/pkg/fusion/kalman.go:44.65,62.25 4 5
github.com/wezzels/vigil/pkg/fusion/kalman.go:62.25,63.26 1 30
github.com/wezzels/vigil/pkg/fusion/kalman.go:63.26,65.4 1 180
github.com/wezzels/vigil/pkg/fusion/kalman.go:70.2,70.25 1 5
github.com/wezzels/vigil/pkg/fusion/kalman.go:70.25,71.26 1 15
github.com/wezzels/vigil/pkg/fusion/kalman.go:71.26,74.4 2 45
github.com/wezzels/vigil/pkg/fusion/kalman.go:78.2,78.25 1 5
github.com/wezzels/vigil/pkg/fusion/kalman.go:78.25,79.26 1 15
github.com/wezzels/vigil/pkg/fusion/kalman.go:79.26,82.4 2 45
github.com/wezzels/vigil/pkg/fusion/kalman.go:87.83,103.25 3 106
github.com/wezzels/vigil/pkg/fusion/kalman.go:103.25,104.26 1 318
github.com/wezzels/vigil/pkg/fusion/kalman.go:104.26,106.4 1 954
github.com/wezzels/vigil/pkg/fusion/kalman.go:111.2,113.25 3 106
github.com/wezzels/vigil/pkg/fusion/kalman.go:113.25,114.26 1 636
github.com/wezzels/vigil/pkg/fusion/kalman.go:114.26,115.27 1 1908
github.com/wezzels/vigil/pkg/fusion/kalman.go:115.27,117.5 1 5724
github.com/wezzels/vigil/pkg/fusion/kalman.go:122.2,122.25 1 106
github.com/wezzels/vigil/pkg/fusion/kalman.go:122.25,123.26 1 636
github.com/wezzels/vigil/pkg/fusion/kalman.go:123.26,125.4 1 1908
github.com/wezzels/vigil/pkg/fusion/kalman.go:130.2,131.25 2 106
github.com/wezzels/vigil/pkg/fusion/kalman.go:131.25,132.26 1 636
github.com/wezzels/vigil/pkg/fusion/kalman.go:132.26,133.27 1 3816
github.com/wezzels/vigil/pkg/fusion/kalman.go:133.27,135.5 1 11448
github.com/wezzels/vigil/pkg/fusion/kalman.go:136.4,136.31 1 3816
github.com/wezzels/vigil/pkg/fusion/kalman.go:139.2,139.16 1 106
github.com/wezzels/vigil/pkg/fusion/kalman.go:143.48,149.27 2 109
github.com/wezzels/vigil/pkg/fusion/kalman.go:149.27,156.3 1 0
github.com/wezzels/vigil/pkg/fusion/kalman.go:158.2,171.12 12 109
github.com/wezzels/vigil/pkg/fusion/kalman.go:180.54,184.2 1 3
github.com/wezzels/vigil/pkg/fusion/kalman.go:187.78,191.2 1 0
github.com/wezzels/vigil/pkg/fusion/kalman.go:194.99,201.2 3 0
github.com/wezzels/vigil/pkg/fusion/kalman.go:204.68,222.2 10 0
github.com/wezzels/vigil/pkg/fusion/kalman.go:239.56,257.29 8 2
github.com/wezzels/vigil/pkg/fusion/kalman.go:257.29,260.3 2 24
github.com/wezzels/vigil/pkg/fusion/kalman.go:262.2,262.12 1 2
github.com/wezzels/vigil/pkg/fusion/kalman.go:266.90,273.25 4 1
github.com/wezzels/vigil/pkg/fusion/kalman.go:273.25,275.3 1 6
github.com/wezzels/vigil/pkg/fusion/kalman.go:278.2,284.25 3 1
github.com/wezzels/vigil/pkg/fusion/kalman.go:284.25,285.26 1 6
github.com/wezzels/vigil/pkg/fusion/kalman.go:285.26,287.4 1 36
github.com/wezzels/vigil/pkg/fusion/kalman.go:291.2,291.25 1 1
github.com/wezzels/vigil/pkg/fusion/kalman.go:291.25,292.26 1 6
github.com/wezzels/vigil/pkg/fusion/kalman.go:292.26,294.4 1 36
github.com/wezzels/vigil/pkg/fusion/kalman.go:297.2,297.20 1 1
github.com/wezzels/vigil/pkg/fusion/kalman.go:301.78,305.2 1 0
github.com/wezzels/vigil/pkg/fusion/scoring.go:55.42,71.2 1 17
github.com/wezzels/vigil/pkg/fusion/scoring.go:74.56,75.19 1 16
github.com/wezzels/vigil/pkg/fusion/scoring.go:75.19,77.3 1 14
github.com/wezzels/vigil/pkg/fusion/scoring.go:79.2,82.3 1 16
github.com/wezzels/vigil/pkg/fusion/scoring.go:86.87,106.2 5 23
github.com/wezzels/vigil/pkg/fusion/scoring.go:109.100,114.13 4 164
github.com/wezzels/vigil/pkg/fusion/scoring.go:114.13,123.3 2 0
github.com/wezzels/vigil/pkg/fusion/scoring.go:126.2,149.71 14 164
github.com/wezzels/vigil/pkg/fusion/scoring.go:149.71,151.3 1 139
github.com/wezzels/vigil/pkg/fusion/scoring.go:153.2,153.14 1 164
github.com/wezzels/vigil/pkg/fusion/scoring.go:157.81,162.13 4 2
github.com/wezzels/vigil/pkg/fusion/scoring.go:162.13,164.3 1 0
github.com/wezzels/vigil/pkg/fusion/scoring.go:167.2,187.47 11 2
github.com/wezzels/vigil/pkg/fusion/scoring.go:187.47,188.25 1 2
github.com/wezzels/vigil/pkg/fusion/scoring.go:188.25,190.4 1 0
github.com/wezzels/vigil/pkg/fusion/scoring.go:192.2,192.21 1 2
github.com/wezzels/vigil/pkg/fusion/scoring.go:192.21,194.3 1 0
github.com/wezzels/vigil/pkg/fusion/scoring.go:196.2,196.14 1 2
github.com/wezzels/vigil/pkg/fusion/scoring.go:200.95,205.13 4 1
github.com/wezzels/vigil/pkg/fusion/scoring.go:205.13,207.3 1 0
github.com/wezzels/vigil/pkg/fusion/scoring.go:210.2,212.71 3 1
github.com/wezzels/vigil/pkg/fusion/scoring.go:216.71,217.39 1 166
github.com/wezzels/vigil/pkg/fusion/scoring.go:217.39,219.3 1 165
github.com/wezzels/vigil/pkg/fusion/scoring.go:221.2,224.14 3 1
github.com/wezzels/vigil/pkg/fusion/scoring.go:228.71,235.25 1 166
github.com/wezzels/vigil/pkg/fusion/scoring.go:235.25,237.3 1 0
github.com/wezzels/vigil/pkg/fusion/scoring.go:240.2,248.24 5 166
github.com/wezzels/vigil/pkg/fusion/scoring.go:248.24,250.3 1 166
github.com/wezzels/vigil/pkg/fusion/scoring.go:253.2,255.89 2 166
github.com/wezzels/vigil/pkg/fusion/scoring.go:259.65,263.2 3 10
github.com/wezzels/vigil/pkg/fusion/scoring.go:266.53,271.34 4 0
github.com/wezzels/vigil/pkg/fusion/scoring.go:271.34,273.3 1 0
github.com/wezzels/vigil/pkg/fusion/scoring.go:274.2,274.15 1 0
github.com/wezzels/vigil/pkg/fusion/scoring.go:278.56,283.34 4 0
github.com/wezzels/vigil/pkg/fusion/scoring.go:283.34,284.69 1 0
github.com/wezzels/vigil/pkg/fusion/scoring.go:284.69,286.4 1 0
github.com/wezzels/vigil/pkg/fusion/scoring.go:288.2,288.15 1 0
github.com/wezzels/vigil/pkg/fusion/scoring.go:292.54,296.53 3 1
github.com/wezzels/vigil/pkg/fusion/scoring.go:296.53,298.3 1 1
github.com/wezzels/vigil/pkg/fusion/scoring.go:302.56,306.2 3 1
github.com/wezzels/vigil/pkg/fusion/scoring.go:309.65,316.41 5 1
github.com/wezzels/vigil/pkg/fusion/scoring.go:316.41,317.39 1 3
github.com/wezzels/vigil/pkg/fusion/scoring.go:317.39,320.12 3 1
github.com/wezzels/vigil/pkg/fusion/scoring.go:323.3,323.41 1 2
github.com/wezzels/vigil/pkg/fusion/scoring.go:323.41,326.4 2 0
github.com/wezzels/vigil/pkg/fusion/scoring.go:329.2,329.14 1 1
github.com/wezzels/vigil/pkg/fusion/scoring.go:333.44,342.34 7 1
github.com/wezzels/vigil/pkg/fusion/scoring.go:342.34,343.23 1 3
github.com/wezzels/vigil/pkg/fusion/scoring.go:344.20,345.15 1 1
github.com/wezzels/vigil/pkg/fusion/scoring.go:346.20,347.15 1 1
github.com/wezzels/vigil/pkg/fusion/scoring.go:348.19,349.14 1 1
github.com/wezzels/vigil/pkg/fusion/scoring.go:350.18,351.13 1 0
github.com/wezzels/vigil/pkg/fusion/scoring.go:355.2,361.3 1 1
github.com/wezzels/vigil/pkg/fusion/scoring.go:374.58,380.34 4 1
github.com/wezzels/vigil/pkg/fusion/scoring.go:380.34,381.32 1 5
github.com/wezzels/vigil/pkg/fusion/scoring.go:381.32,383.4 1 5
github.com/wezzels/vigil/pkg/fusion/scoring.go:387.2,387.44 1 1
github.com/wezzels/vigil/pkg/fusion/scoring.go:387.44,389.40 2 3
github.com/wezzels/vigil/pkg/fusion/scoring.go:389.40,390.46 1 9
github.com/wezzels/vigil/pkg/fusion/scoring.go:390.46,392.5 1 6
github.com/wezzels/vigil/pkg/fusion/scoring.go:394.3,394.18 1 3
github.com/wezzels/vigil/pkg/fusion/scoring.go:394.18,396.4 1 2
github.com/wezzels/vigil/pkg/fusion/scoring.go:399.2,399.21 1 1
github.com/wezzels/vigil/pkg/fusion/scoring.go:399.21,401.3 1 1
github.com/wezzels/vigil/pkg/fusion/scoring.go:402.2,402.15 1 0
github.com/wezzels/vigil/pkg/fusion/scoring.go:406.87,411.13 4 1
github.com/wezzels/vigil/pkg/fusion/scoring.go:411.13,413.3 1 0
github.com/wezzels/vigil/pkg/fusion/scoring.go:416.2,423.21 5 1
github.com/wezzels/vigil/pkg/mht/mht.go:80.36,95.2 1 13
github.com/wezzels/vigil/pkg/mht/mht.go:108.51,109.19 1 12
github.com/wezzels/vigil/pkg/mht/mht.go:109.19,111.3 1 10
github.com/wezzels/vigil/pkg/mht/mht.go:113.2,119.3 1 12
github.com/wezzels/vigil/pkg/mht/mht.go:123.86,131.37 5 30
github.com/wezzels/vigil/pkg/mht/mht.go:131.37,134.3 2 550
github.com/wezzels/vigil/pkg/mht/mht.go:137.2,137.36 1 30
github.com/wezzels/vigil/pkg/mht/mht.go:137.36,138.44 1 31
github.com/wezzels/vigil/pkg/mht/mht.go:138.44,141.4 2 20
github.com/wezzels/vigil/pkg/mht/mht.go:145.2,145.36 1 30
github.com/wezzels/vigil/pkg/mht/mht.go:145.36,149.23 2 1081
github.com/wezzels/vigil/pkg/mht/mht.go:149.23,150.62 1 1061
github.com/wezzels/vigil/pkg/mht/mht.go:150.62,152.5 1 1061
github.com/wezzels/vigil/pkg/mht/mht.go:157.2,159.22 2 30
github.com/wezzels/vigil/pkg/mht/mht.go:163.125,171.36 4 550
github.com/wezzels/vigil/pkg/mht/mht.go:171.36,173.35 2 550
github.com/wezzels/vigil/pkg/mht/mht.go:173.35,176.4 2 511
github.com/wezzels/vigil/pkg/mht/mht.go:179.2,179.17 1 550
github.com/wezzels/vigil/pkg/mht/mht.go:183.92,202.2 4 550
github.com/wezzels/vigil/pkg/mht/mht.go:205.132,235.2 7 511
github.com/wezzels/vigil/pkg/mht/mht.go:238.94,256.25 6 20
github.com/wezzels/vigil/pkg/mht/mht.go:256.25,258.3 1 60
github.com/wezzels/vigil/pkg/mht/mht.go:259.2,259.25 1 20
github.com/wezzels/vigil/pkg/mht/mht.go:259.25,261.3 1 60
github.com/wezzels/vigil/pkg/mht/mht.go:263.2,280.3 1 20
github.com/wezzels/vigil/pkg/mht/mht.go:284.95,296.25 4 552
github.com/wezzels/vigil/pkg/mht/mht.go:296.25,297.26 1 1656
github.com/wezzels/vigil/pkg/mht/mht.go:297.26,299.4 1 4968
github.com/wezzels/vigil/pkg/mht/mht.go:303.2,305.14 2 552
github.com/wezzels/vigil/pkg/mht/mht.go:309.74,313.25 2 552
github.com/wezzels/vigil/pkg/mht/mht.go:313.25,314.20 1 3312
github.com/wezzels/vigil/pkg/mht/mht.go:314.20,316.4 1 3306
github.com/wezzels/vigil/pkg/mht/mht.go:319.2,319.12 1 552
github.com/wezzels/vigil/pkg/mht/mht.go:323.86,334.25 3 1063
github.com/wezzels/vigil/pkg/mht/mht.go:334.25,338.3 3 3189
github.com/wezzels/vigil/pkg/mht/mht.go:341.2,342.25 2 1063
github.com/wezzels/vigil/pkg/mht/mht.go:342.25,343.26 1 6378
github.com/wezzels/vigil/pkg/mht/mht.go:343.26,345.4 1 38268
github.com/wezzels/vigil/pkg/mht/mht.go:348.2,348.17 1 1063
github.com/wezzels/vigil/pkg/mht/mht.go:352.115,357.25 3 512
github.com/wezzels/vigil/pkg/mht/mht.go:357.25,359.19 2 1536
github.com/wezzels/vigil/pkg/mht/mht.go:359.19,361.4 1 1536
github.com/wezzels/vigil/pkg/mht/mht.go:365.2,365.25 1 512
github.com/wezzels/vigil/pkg/mht/mht.go:365.25,368.3 2 1536
github.com/wezzels/vigil/pkg/mht/mht.go:371.2,371.25 1 512
github.com/wezzels/vigil/pkg/mht/mht.go:371.25,372.26 1 1536
github.com/wezzels/vigil/pkg/mht/mht.go:372.26,374.4 1 4608
github.com/wezzels/vigil/pkg/mht/mht.go:377.2,381.28 3 512
github.com/wezzels/vigil/pkg/mht/mht.go:381.28,383.3 1 252
github.com/wezzels/vigil/pkg/mht/mht.go:385.2,385.17 1 512
github.com/wezzels/vigil/pkg/mht/mht.go:389.68,390.37 1 31
github.com/wezzels/vigil/pkg/mht/mht.go:390.37,391.42 1 52
github.com/wezzels/vigil/pkg/mht/mht.go:391.42,392.37 1 52
github.com/wezzels/vigil/pkg/mht/mht.go:392.37,394.5 1 11
github.com/wezzels/vigil/pkg/mht/mht.go:397.2,397.14 1 20
github.com/wezzels/vigil/pkg/mht/mht.go:401.42,406.38 3 30
github.com/wezzels/vigil/pkg/mht/mht.go:406.38,408.38 1 1631
github.com/wezzels/vigil/pkg/mht/mht.go:408.38,410.12 2 640
github.com/wezzels/vigil/pkg/mht/mht.go:414.3,414.41 1 991
github.com/wezzels/vigil/pkg/mht/mht.go:414.41,416.12 2 0
github.com/wezzels/vigil/pkg/mht/mht.go:420.3,420.38 1 991
github.com/wezzels/vigil/pkg/mht/mht.go:420.38,422.12 2 0
github.com/wezzels/vigil/pkg/mht/mht.go:425.3,425.20 1 991
github.com/wezzels/vigil/pkg/mht/mht.go:429.2,429.41 1 30
github.com/wezzels/vigil/pkg/mht/mht.go:429.41,432.3 2 315
github.com/wezzels/vigil/pkg/mht/mht.go:436.67,442.37 4 2
github.com/wezzels/vigil/pkg/mht/mht.go:442.37,444.44 2 11
github.com/wezzels/vigil/pkg/mht/mht.go:444.44,446.4 1 5
github.com/wezzels/vigil/pkg/mht/mht.go:449.2,449.13 1 2
github.com/wezzels/vigil/pkg/mht/mht.go:453.61,457.2 3 0
github.com/wezzels/vigil/pkg/mht/mht.go:460.57,465.37 4 3
github.com/wezzels/vigil/pkg/mht/mht.go:465.37,467.3 1 103
github.com/wezzels/vigil/pkg/mht/mht.go:468.2,468.13 1 3
github.com/wezzels/vigil/pkg/mht/mht.go:472.41,477.37 4 2
github.com/wezzels/vigil/pkg/mht/mht.go:477.37,478.38 1 6
github.com/wezzels/vigil/pkg/mht/mht.go:478.38,480.4 1 0
github.com/wezzels/vigil/pkg/mht/mht.go:483.2,488.3 1 2
github.com/wezzels/vigil/pkg/mht/mht.go:502.45,502.62 1 1687
github.com/wezzels/vigil/pkg/mht/mht.go:503.45,503.79 1 4994
github.com/wezzels/vigil/pkg/mht/mht.go:504.45,504.72 1 2511
github.com/wezzels/vigil/pkg/mht/mht.go:506.46,508.2 1 995
github.com/wezzels/vigil/pkg/mht/mht.go:510.44,516.2 5 317
github.com/wezzels/vigil/pkg/dis/exercise.go:77.46,86.2 1 17
github.com/wezzels/vigil/pkg/dis/exercise.go:89.66,90.19 1 16
github.com/wezzels/vigil/pkg/dis/exercise.go:90.19,92.3 1 16
github.com/wezzels/vigil/pkg/dis/exercise.go:94.2,102.3 1 16
github.com/wezzels/vigil/pkg/dis/exercise.go:106.50,112.2 4 2
github.com/wezzels/vigil/pkg/dis/exercise.go:115.49,122.2 4 1
github.com/wezzels/vigil/pkg/dis/exercise.go:125.56,139.26 5 65558
github.com/wezzels/vigil/pkg/dis/exercise.go:139.26,141.3 1 1
github.com/wezzels/vigil/pkg/dis/exercise.go:143.2,143.11 1 65558
github.com/wezzels/vigil/pkg/dis/exercise.go:147.122,152.41 3 20
github.com/wezzels/vigil/pkg/dis/exercise.go:152.41,154.3 1 8
github.com/wezzels/vigil/pkg/dis/exercise.go:155.2,155.65 1 20
github.com/wezzels/vigil/pkg/dis/exercise.go:155.65,157.3 1 8
github.com/wezzels/vigil/pkg/dis/exercise.go:159.2,168.12 2 20
github.com/wezzels/vigil/pkg/dis/exercise.go:172.70,177.63 3 2
github.com/wezzels/vigil/pkg/dis/exercise.go:177.63,179.3 1 1
github.com/wezzels/vigil/pkg/dis/exercise.go:181.2,182.12 2 1
github.com/wezzels/vigil/pkg/dis/exercise.go:186.77,191.63 3 3
github.com/wezzels/vigil/pkg/dis/exercise.go:191.63,193.3 1 1
github.com/wezzels/vigil/pkg/dis/exercise.go:195.2,196.13 2 2
github.com/wezzels/vigil/pkg/dis/exercise.go:196.13,198.3 1 0
github.com/wezzels/vigil/pkg/dis/exercise.go:200.2,200.18 1 2
github.com/wezzels/vigil/pkg/dis/exercise.go:204.66,209.63 3 1
github.com/wezzels/vigil/pkg/dis/exercise.go:209.63,211.3 1 0
github.com/wezzels/vigil/pkg/dis/exercise.go:213.2,214.13 2 1
github.com/wezzels/vigil/pkg/dis/exercise.go:214.13,216.3 1 0
github.com/wezzels/vigil/pkg/dis/exercise.go:218.2,221.12 3 1
github.com/wezzels/vigil/pkg/dis/exercise.go:225.58,230.35 4 1
github.com/wezzels/vigil/pkg/dis/exercise.go:230.35,231.36 1 1
github.com/wezzels/vigil/pkg/dis/exercise.go:231.36,232.37 1 1
github.com/wezzels/vigil/pkg/dis/exercise.go:232.37,234.5 1 5
github.com/wezzels/vigil/pkg/dis/exercise.go:238.2,238.17 1 1
github.com/wezzels/vigil/pkg/dis/exercise.go:242.75,247.35 4 2
github.com/wezzels/vigil/pkg/dis/exercise.go:247.35,248.36 1 2
github.com/wezzels/vigil/pkg/dis/exercise.go:248.36,249.37 1 2
github.com/wezzels/vigil/pkg/dis/exercise.go:249.37,250.28 1 10
github.com/wezzels/vigil/pkg/dis/exercise.go:250.28,252.6 1 5
github.com/wezzels/vigil/pkg/dis/exercise.go:257.2,257.17 1 2
github.com/wezzels/vigil/pkg/dis/exercise.go:261.49,266.35 4 3
github.com/wezzels/vigil/pkg/dis/exercise.go:266.35,267.36 1 3
github.com/wezzels/vigil/pkg/dis/exercise.go:267.36,269.4 1 3
github.com/wezzels/vigil/pkg/dis/exercise.go:272.2,272.14 1 3
github.com/wezzels/vigil/pkg/dis/exercise.go:276.75,283.40 5 1
github.com/wezzels/vigil/pkg/dis/exercise.go:283.40,284.40 1 1
github.com/wezzels/vigil/pkg/dis/exercise.go:284.40,285.45 1 1
github.com/wezzels/vigil/pkg/dis/exercise.go:285.45,286.39 1 3
github.com/wezzels/vigil/pkg/dis/exercise.go:286.39,289.6 2 3
github.com/wezzels/vigil/pkg/dis/exercise.go:294.2,294.14 1 1
github.com/wezzels/vigil/pkg/dis/exercise.go:298.60,300.2 1 1
github.com/wezzels/vigil/pkg/dis/exercise.go:303.55,305.2 1 2
github.com/wezzels/vigil/pkg/dis/exercise.go:308.57,312.2 3 1
github.com/wezzels/vigil/pkg/dis/exercise.go:315.47,317.2 1 0
github.com/wezzels/vigil/pkg/dis/exercise.go:320.54,322.2 1 0
github.com/wezzels/vigil/pkg/dis/exercise.go:325.50,333.35 6 1
github.com/wezzels/vigil/pkg/dis/exercise.go:333.35,334.36 1 1
github.com/wezzels/vigil/pkg/dis/exercise.go:334.36,335.37 1 1
github.com/wezzels/vigil/pkg/dis/exercise.go:335.37,337.22 2 3
github.com/wezzels/vigil/pkg/dis/exercise.go:337.22,339.6 1 3
github.com/wezzels/vigil/pkg/dis/exercise.go:340.5,340.26 1 3
github.com/wezzels/vigil/pkg/dis/exercise.go:345.2,353.3 1 1
github.com/wezzels/vigil/pkg/dis/exercise.go:368.47,372.2 1 3
github.com/wezzels/vigil/pkg/dis/exercise.go:375.45,376.30 1 3
github.com/wezzels/vigil/pkg/dis/exercise.go:376.30,378.3 1 1
github.com/wezzels/vigil/pkg/dis/exercise.go:379.2,379.44 1 2
github.com/wezzels/vigil/pkg/dis/exercise.go:379.44,381.3 1 0
github.com/wezzels/vigil/pkg/dis/exercise.go:382.2,382.44 1 2
github.com/wezzels/vigil/pkg/dis/exercise.go:386.37,388.2 1 1
github.com/wezzels/vigil/pkg/dis/exercise.go:391.44,397.2 1 1
github.com/wezzels/vigil/pkg/dis/gateway.go:25.36,36.2 1 10
github.com/wezzels/vigil/pkg/dis/gateway.go:62.63,64.2 1 3
github.com/wezzels/vigil/pkg/dis/gateway.go:76.53,77.19 1 8
github.com/wezzels/vigil/pkg/dis/gateway.go:77.19,79.3 1 3
github.com/wezzels/vigil/pkg/dis/gateway.go:81.2,90.3 2 8
github.com/wezzels/vigil/pkg/dis/gateway.go:94.37,98.15 3 4
github.com/wezzels/vigil/pkg/dis/gateway.go:98.15,100.3 1 1
github.com/wezzels/vigil/pkg/dis/gateway.go:103.2,105.16 2 3
github.com/wezzels/vigil/pkg/dis/gateway.go:105.16,107.3 1 0
github.com/wezzels/vigil/pkg/dis/gateway.go:110.2,116.16 4 3
github.com/wezzels/vigil/pkg/dis/gateway.go:116.16,118.3 1 0
github.com/wezzels/vigil/pkg/dis/gateway.go:120.2,123.17 2 3
github.com/wezzels/vigil/pkg/dis/gateway.go:123.17,124.43 1 3
github.com/wezzels/vigil/pkg/dis/gateway.go:124.43,127.4 2 0
github.com/wezzels/vigil/pkg/dis/gateway.go:130.2,135.12 3 3
github.com/wezzels/vigil/pkg/dis/gateway.go:139.45,141.18 2 3
github.com/wezzels/vigil/pkg/dis/gateway.go:141.18,143.3 1 0
github.com/wezzels/vigil/pkg/dis/gateway.go:147.2,149.12 2 3
github.com/wezzels/vigil/pkg/dis/gateway.go:153.46,156.2 1 3
github.com/wezzels/vigil/pkg/dis/gateway.go:159.37,162.6 2 3
github.com/wezzels/vigil/pkg/dis/gateway.go:162.6,163.10 1 5
github.com/wezzels/vigil/pkg/dis/gateway.go:164.23,165.10 1 3
github.com/wezzels/vigil/pkg/dis/gateway.go:166.11,166.11 0 2
github.com/wezzels/vigil/pkg/dis/gateway.go:170.3,170.31 1 2
github.com/wezzels/vigil/pkg/dis/gateway.go:170.31,172.4 1 2
github.com/wezzels/vigil/pkg/dis/gateway.go:174.3,175.17 2 2
github.com/wezzels/vigil/pkg/dis/gateway.go:175.17,176.61 1 2
github.com/wezzels/vigil/pkg/dis/gateway.go:176.61,177.13 1 1
github.com/wezzels/vigil/pkg/dis/gateway.go:179.4,182.11 4 1
github.com/wezzels/vigil/pkg/dis/gateway.go:183.26,183.26 0 1
github.com/wezzels/vigil/pkg/dis/gateway.go:184.12,184.12 0 0
github.com/wezzels/vigil/pkg/dis/gateway.go:186.4,186.12 1 1
github.com/wezzels/vigil/pkg/dis/gateway.go:190.3,202.38 9 0
github.com/wezzels/vigil/pkg/dis/gateway.go:202.38,204.4 1 0
github.com/wezzels/vigil/pkg/dis/gateway.go:205.3,205.17 1 0
github.com/wezzels/vigil/pkg/dis/gateway.go:210.36,214.16 3 3
github.com/wezzels/vigil/pkg/dis/gateway.go:214.16,216.3 1 0
github.com/wezzels/vigil/pkg/dis/gateway.go:218.2,218.17 1 3
github.com/wezzels/vigil/pkg/dis/gateway.go:218.17,220.3 1 3
github.com/wezzels/vigil/pkg/dis/gateway.go:222.2,222.19 1 3
github.com/wezzels/vigil/pkg/dis/gateway.go:222.19,224.3 1 3
github.com/wezzels/vigil/pkg/dis/gateway.go:226.2,226.21 1 3
github.com/wezzels/vigil/pkg/dis/gateway.go:226.21,228.3 1 3
github.com/wezzels/vigil/pkg/dis/gateway.go:230.2,231.12 2 3
github.com/wezzels/vigil/pkg/dis/gateway.go:235.54,239.2 3 2
github.com/wezzels/vigil/pkg/dis/gateway.go:242.64,244.2 1 2
github.com/wezzels/vigil/pkg/dis/gateway.go:247.45,251.2 3 1
github.com/wezzels/vigil/pkg/dis/gateway.go:254.45,256.2 1 0
github.com/wezzels/vigil/pkg/dis/gateway.go:277.59,278.19 1 9
github.com/wezzels/vigil/pkg/dis/gateway.go:278.19,280.3 1 4
github.com/wezzels/vigil/pkg/dis/gateway.go:282.2,284.3 1 9
github.com/wezzels/vigil/pkg/dis/gateway.go:288.40,292.15 3 4
github.com/wezzels/vigil/pkg/dis/gateway.go:292.15,294.3 1 1
github.com/wezzels/vigil/pkg/dis/gateway.go:297.2,299.16 2 3
github.com/wezzels/vigil/pkg/dis/gateway.go:299.16,301.3 1 0
github.com/wezzels/vigil/pkg/dis/gateway.go:302.2,307.16 4 3
github.com/wezzels/vigil/pkg/dis/gateway.go:307.16,309.3 1 0
github.com/wezzels/vigil/pkg/dis/gateway.go:312.2,312.30 1 3
github.com/wezzels/vigil/pkg/dis/gateway.go:312.30,314.3 1 0
github.com/wezzels/vigil/pkg/dis/gateway.go:316.2,319.12 3 3
github.com/wezzels/vigil/pkg/dis/gateway.go:323.39,327.16 3 3
github.com/wezzels/vigil/pkg/dis/gateway.go:327.16,329.3 1 0
github.com/wezzels/vigil/pkg/dis/gateway.go:331.2,331.19 1 3
github.com/wezzels/vigil/pkg/dis/gateway.go:331.19,333.3 1 3
github.com/wezzels/vigil/pkg/dis/gateway.go:335.2,336.12 2 3
github.com/wezzels/vigil/pkg/dis/gateway.go:340.50,344.16 3 1
github.com/wezzels/vigil/pkg/dis/gateway.go:344.16,346.3 1 1
github.com/wezzels/vigil/pkg/dis/gateway.go:349.2,349.31 1 0
github.com/wezzels/vigil/pkg/dis/gateway.go:349.31,351.3 1 0
github.com/wezzels/vigil/pkg/dis/gateway.go:353.2,354.16 2 0
github.com/wezzels/vigil/pkg/dis/gateway.go:354.16,357.3 2 0
github.com/wezzels/vigil/pkg/dis/gateway.go:359.2,363.12 4 0
github.com/wezzels/vigil/pkg/dis/gateway.go:367.65,371.16 3 1
github.com/wezzels/vigil/pkg/dis/gateway.go:371.16,373.3 1 1
github.com/wezzels/vigil/pkg/dis/gateway.go:375.2,376.16 2 0
github.com/wezzels/vigil/pkg/dis/gateway.go:376.16,378.3 1 0
github.com/wezzels/vigil/pkg/dis/gateway.go:380.2,380.31 1 0
github.com/wezzels/vigil/pkg/dis/gateway.go:380.31,382.3 1 0
github.com/wezzels/vigil/pkg/dis/gateway.go:384.2,385.16 2 0
github.com/wezzels/vigil/pkg/dis/gateway.go:385.16,388.3 2 0
github.com/wezzels/vigil/pkg/dis/gateway.go:390.2,394.12 4 0
github.com/wezzels/vigil/pkg/dis/gateway.go:398.51,402.2 3 1
github.com/wezzels/vigil/pkg/dis/gateway.go:412.51,413.19 1 3
github.com/wezzels/vigil/pkg/dis/gateway.go:413.19,415.3 1 2
github.com/wezzels/vigil/pkg/dis/gateway.go:417.2,420.3 1 3
github.com/wezzels/vigil/pkg/dis/gateway.go:424.36,425.43 1 1
github.com/wezzels/vigil/pkg/dis/gateway.go:425.43,427.3 1 0
github.com/wezzels/vigil/pkg/dis/gateway.go:429.2,429.46 1 1
github.com/wezzels/vigil/pkg/dis/gateway.go:429.46,432.3 2 0
github.com/wezzels/vigil/pkg/dis/gateway.go:434.2,434.12 1 1
github.com/wezzels/vigil/pkg/dis/gateway.go:438.35,441.42 2 1
github.com/wezzels/vigil/pkg/dis/gateway.go:441.42,443.3 1 0
github.com/wezzels/vigil/pkg/dis/gateway.go:445.2,445.45 1 1
github.com/wezzels/vigil/pkg/dis/gateway.go:445.45,447.3 1 0
github.com/wezzels/vigil/pkg/dis/gateway.go:449.2,449.19 1 1
github.com/wezzels/vigil/pkg/dis/gateway.go:449.19,451.3 1 0
github.com/wezzels/vigil/pkg/dis/gateway.go:453.2,453.12 1 1
github.com/wezzels/vigil/pkg/dis/gateway.go:457.53,459.2 1 0
github.com/wezzels/vigil/pkg/dis/gateway.go:462.63,464.2 1 1
github.com/wezzels/vigil/pkg/dis/gateway.go:467.46,469.2 1 0
github.com/wezzels/vigil/pkg/dis/gateway.go:472.61,474.2 1 0
github.com/wezzels/vigil/pkg/dis/gateway.go:477.52,479.2 1 0
github.com/wezzels/vigil/pkg/dis/gateway.go:482.58,484.2 1 0
github.com/wezzels/vigil/pkg/dis/gateway.go:487.44,489.2 1 0
github.com/wezzels/vigil/pkg/dis/gateway.go:503.35,505.2 1 1
github.com/wezzels/vigil/pkg/tadil/tadil_a.go:25.44,27.2 1 4
github.com/wezzels/vigil/pkg/tadil/tadil_a.go:30.70,46.33 6 3
github.com/wezzels/vigil/pkg/tadil/tadil_a.go:46.33,48.3 1 6
github.com/wezzels/vigil/pkg/tadil/tadil_a.go:51.2,56.25 3 3
github.com/wezzels/vigil/pkg/tadil/tadil_a.go:60.70,61.20 1 2
github.com/wezzels/vigil/pkg/tadil/tadil_a.go:61.20,63.3 1 0
[...]
github.com/wezzels/vigil/pkg/sensors/opir/ngopir.go:171.19,173.3 1 0
github.com/wezzels/vigil/pkg/sensors/opir/ngopir.go:175.2,175.12 1 0
github.com/wezzels/vigil/pkg/sensors/opir/ngopir.go:179.52,181.2 1 0
github.com/wezzels/vigil/pkg/sensors/opir/ngopir.go:184.44,186.2 1 0
github.com/wezzels/vigil/pkg/sensors/opir/ngopir.go:189.41,193.2 3 0
github.com/wezzels/vigil/pkg/sensors/opir/ngopir.go:196.40,200.2 3 0
github.com/wezzels/vigil/pkg/sensors/opir/ngopir.go:203.36,204.6 1 0
github.com/wezzels/vigil/pkg/sensors/opir/ngopir.go:204.6,205.10 1 0
github.com/wezzels/vigil/pkg/sensors/opir/ngopir.go:206.23,207.10 1 0
github.com/wezzels/vigil/pkg/sensors/opir/ngopir.go:208.11,209.41 1 0
github.com/wezzels/vigil/pkg/sensors/opir/ngopir.go:209.41,211.5 1 0
github.com/wezzels/vigil/pkg/sensors/opir/ngopir.go:217.41,222.17 4 0
github.com/wezzels/vigil/pkg/sensors/opir/ngopir.go:222.17,224.3 1 0
github.com/wezzels/vigil/pkg/sensors/opir/ngopir.go:226.2,233.53 3 0
github.com/wezzels/vigil/pkg/sensors/opir/ngopir.go:233.53,235.3 1 0
github.com/wezzels/vigil/pkg/sensors/opir/ngopir.go:237.2,238.22 2 0
github.com/wezzels/vigil/pkg/sensors/opir/ngopir.go:238.22,240.3 1 0
github.com/wezzels/vigil/pkg/sensors/opir/ngopir.go:243.2,244.50 2 0
github.com/wezzels/vigil/pkg/sensors/opir/ngopir.go:244.50,246.3 1 0
github.com/wezzels/vigil/pkg/sensors/opir/ngopir.go:249.2,250.16 2 0
github.com/wezzels/vigil/pkg/sensors/opir/ngopir.go:250.16,252.3 1 0
github.com/wezzels/vigil/pkg/sensors/opir/ngopir.go:255.2,255.53 1 0
github.com/wezzels/vigil/pkg/sensors/opir/ngopir.go:255.53,257.3 1 0
github.com/wezzels/vigil/pkg/sensors/opir/ngopir.go:260.2,266.9 5 0
github.com/wezzels/vigil/pkg/sensors/opir/ngopir.go:267.32,267.32 0 0
github.com/wezzels/vigil/pkg/sensors/opir/ngopir.go:268.22,269.21 1 0
github.com/wezzels/vigil/pkg/sensors/opir/ngopir.go:272.2,272.12 1 0
github.com/wezzels/vigil/pkg/sensors/opir/ngopir.go:276.70,286.19 1 0
github.com/wezzels/vigil/pkg/sensors/opir/ngopir.go:286.19,288.3 1 0
github.com/wezzels/vigil/pkg/sensors/opir/ngopir.go:290.2,291.25 2 0
github.com/wezzels/vigil/pkg/sensors/opir/ngopir.go:291.25,293.3 1 0
github.com/wezzels/vigil/pkg/sensors/opir/ngopir.go:295.2,311.58 6 0
github.com/wezzels/vigil/pkg/sensors/opir/ngopir.go:311.58,313.3 1 0
github.com/wezzels/vigil/pkg/sensors/opir/ngopir.go:315.2,315.22 1 0
github.com/wezzels/vigil/pkg/sensors/opir/ngopir.go:319.59,322.36 2 0
github.com/wezzels/vigil/pkg/sensors/opir/ngopir.go:322.36,324.3 1 0
github.com/wezzels/vigil/pkg/sensors/opir/ngopir.go:325.2,325.26 1 0
github.com/wezzels/vigil/pkg/sensors/opir/ngopir.go:329.81,341.2 6 0
github.com/wezzels/vigil/pkg/sensors/opir/ngopir.go:344.69,345.55 1 0
github.com/wezzels/vigil/pkg/sensors/opir/ngopir.go:345.55,347.3 1 0
github.com/wezzels/vigil/pkg/sensors/opir/ngopir.go:349.2,349.59 1 0
github.com/wezzels/vigil/pkg/sensors/opir/ngopir.go:349.59,351.3 1 0
github.com/wezzels/vigil/pkg/sensors/opir/ngopir.go:353.2,353.50 1 0
github.com/wezzels/vigil/pkg/sensors/opir/ngopir.go:353.50,355.3 1 0
github.com/wezzels/vigil/pkg/sensors/opir/ngopir.go:357.2,357.12 1 0
github.com/wezzels/vigil/pkg/sensors/opir/ngopir.go:361.45,367.9 5 0
github.com/wezzels/vigil/pkg/sensors/opir/ngopir.go:368.23,368.23 0 0
github.com/wezzels/vigil/pkg/sensors/opir/ngopir.go:369.37,369.37 0 0
github.com/wezzels/vigil/pkg/sensors/opir/reconnect.go:35.80,42.2 1 2
github.com/wezzels/vigil/pkg/sensors/opir/reconnect.go:45.40,49.18 3 2
github.com/wezzels/vigil/pkg/sensors/opir/reconnect.go:50.19,51.14 1 0
github.com/wezzels/vigil/pkg/sensors/opir/reconnect.go:52.17,54.46 1 2
github.com/wezzels/vigil/pkg/sensors/opir/reconnect.go:54.46,62.4 7 1
github.com/wezzels/vigil/pkg/sensors/opir/reconnect.go:63.3,63.15 1 1
github.com/wezzels/vigil/pkg/sensors/opir/reconnect.go:64.21,65.14 1 0
github.com/wezzels/vigil/pkg/sensors/opir/reconnect.go:66.10,67.15 1 0
github.com/wezzels/vigil/pkg/sensors/opir/reconnect.go:72.43,76.18 3 4
github.com/wezzels/vigil/pkg/sensors/opir/reconnect.go:77.19,78.18 1 1
github.com/wezzels/vigil/pkg/sensors/opir/reconnect.go:79.21,81.41 2 3
github.com/wezzels/vigil/pkg/sensors/opir/reconnect.go:81.41,84.4 2 1
github.com/wezzels/vigil/pkg/sensors/opir/reconnect.go:89.43,96.18 5 3
github.com/wezzels/vigil/pkg/sensors/opir/reconnect.go:97.19,98.36 1 3
github.com/wezzels/vigil/pkg/sensors/opir/reconnect.go:98.36,100.4 1 1
github.com/wezzels/vigil/pkg/sensors/opir/reconnect.go:101.21,102.23 1 0
github.com/wezzels/vigil/pkg/sensors/opir/reconnect.go:107.48,111.2 3 3
github.com/wezzels/vigil/pkg/sensors/opir/reconnect.go:124.54,129.2 1 1
github.com/wezzels/vigil/pkg/sensors/opir/reconnect.go:132.46,133.24 1 0
github.com/wezzels/vigil/pkg/sensors/opir/reconnect.go:133.24,135.3 1 0
github.com/wezzels/vigil/pkg/sensors/opir/reconnect.go:137.2,141.39 4 0
github.com/wezzels/vigil/pkg/sensors/opir/reconnect.go:145.51,156.22 7 3
github.com/wezzels/vigil/pkg/sensors/opir/reconnect.go:156.22,158.3 1 0
github.com/wezzels/vigil/pkg/sensors/opir/reconnect.go:161.2,166.14 4 3
github.com/wezzels/vigil/pkg/sensors/opir/reconnect.go:170.39,175.2 4 1
github.com/wezzels/vigil/pkg/sensors/opir/reconnect.go:178.39,180.2 1 0
github.com/wezzels/vigil/pkg/sensors/opir/reconnect.go:183.31,188.2 4 0
github.com/wezzels/vigil/pkg/sensors/opir/reconnect.go:191.38,195.2 3 1
github.com/wezzels/vigil/pkg/sensors/opir/reconnect.go:198.51,200.2 1 0
github.com/wezzels/vigil/pkg/sensors/opir/reconnect.go:211.58,216.2 1 1
github.com/wezzels/vigil/pkg/sensors/opir/reconnect.go:219.77,226.25 4 0
github.com/wezzels/vigil/pkg/sensors/opir/reconnect.go:226.25,229.3 2 0
github.com/wezzels/vigil/pkg/sensors/opir/reconnect.go:232.2,235.29 2 0
github.com/wezzels/vigil/pkg/sensors/opir/reconnect.go:235.29,237.22 2 0
github.com/wezzels/vigil/pkg/sensors/opir/reconnect.go:237.22,240.4 2 0
github.com/wezzels/vigil/pkg/sensors/opir/reconnect.go:244.2,244.29 1 0
github.com/wezzels/vigil/pkg/sensors/opir/reconnect.go:244.29,247.3 2 0
github.com/wezzels/vigil/pkg/sensors/opir/reconnect.go:249.2,250.12 2 0
github.com/wezzels/vigil/pkg/sensors/opir/reconnect.go:254.42,258.2 3 1
github.com/wezzels/vigil/pkg/sensors/opir/reconnect.go:261.47,265.2 3 0
github.com/wezzels/vigil/pkg/sensors/opir/reconnect.go:275.63,280.2 1 1
github.com/wezzels/vigil/pkg/sensors/opir/reconnect.go:283.45,287.23 3 2
github.com/wezzels/vigil/pkg/sensors/opir/reconnect.go:287.23,289.3 1 0
github.com/wezzels/vigil/pkg/sensors/opir/reconnect.go:291.2,294.13 3 2
github.com/wezzels/vigil/pkg/sensors/opir/reconnect.go:298.52,302.36 3 0
github.com/wezzels/vigil/pkg/sensors/opir/reconnect.go:302.36,304.33 2 0
github.com/wezzels/vigil/pkg/sensors/opir/reconnect.go:304.33,306.4 1 0
github.com/wezzels/vigil/pkg/sensors/opir/reconnect.go:309.2,309.12 1 0
github.com/wezzels/vigil/pkg/sensors/opir/reconnect.go:313.47,317.2 3 1
github.com/wezzels/vigil/pkg/sensors/opir/reconnect.go:320.49,324.2 3 0
github.com/wezzels/vigil/pkg/sensors/opir/reconnect.go:327.52,331.28 3 0
github.com/wezzels/vigil/pkg/sensors/opir/reconnect.go:331.28,332.16 1 0
github.com/wezzels/vigil/pkg/sensors/opir/reconnect.go:332.16,334.9 2 0
github.com/wezzels/vigil/pkg/sensors/opir/sbirs.go:32.59,33.42 1 1
github.com/wezzels/vigil/pkg/sensors/opir/sbirs.go:33.42,35.3 1 0
github.com/wezzels/vigil/pkg/sensors/opir/sbirs.go:37.2,42.8 1 1
github.com/wezzels/vigil/pkg/sensors/opir/sbirs.go:46.56,50.17 3 0
github.com/wezzels/vigil/pkg/sensors/opir/sbirs.go:50.17,52.3 1 0
github.com/wezzels/vigil/pkg/sensors/opir/sbirs.go:54.2,59.62 4 0
github.com/wezzels/vigil/pkg/sensors/opir/sbirs.go:59.62,61.17 2 0
github.com/wezzels/vigil/pkg/sensors/opir/sbirs.go:61.17,62.9 1 0
github.com/wezzels/vigil/pkg/sensors/opir/sbirs.go:65.3,65.36 1 0
github.com/wezzels/vigil/pkg/sensors/opir/sbirs.go:65.36,67.11 2 0
github.com/wezzels/vigil/pkg/sensors/opir/sbirs.go:68.29,69.13 1 0
github.com/wezzels/vigil/pkg/sensors/opir/sbirs.go:70.22,71.21 1 0
github.com/wezzels/vigil/pkg/sensors/opir/sbirs.go:76.2,76.16 1 0
github.com/wezzels/vigil/pkg/sensors/opir/sbirs.go:76.16,78.3 1 0
github.com/wezzels/vigil/pkg/sensors/opir/sbirs.go:80.2,88.12 6 0
github.com/wezzels/vigil/pkg/sensors/opir/sbirs.go:92.46,93.34 1 0
github.com/wezzels/vigil/pkg/sensors/opir/sbirs.go:93.34,95.3 1 0
github.com/wezzels/vigil/pkg/sensors/opir/sbirs.go:97.2,103.29 5 0
github.com/wezzels/vigil/pkg/sensors/opir/sbirs.go:103.29,106.3 1 0
github.com/wezzels/vigil/pkg/sensors/opir/sbirs.go:106.8,109.3 1 0
github.com/wezzels/vigil/pkg/sensors/opir/sbirs.go:111.2,111.16 1 0
github.com/wezzels/vigil/pkg/sensors/opir/sbirs.go:111.16,113.3 1 0
github.com/wezzels/vigil/pkg/sensors/opir/sbirs.go:116.2,116.44 1 0
github.com/wezzels/vigil/pkg/sensors/opir/sbirs.go:116.44,119.3 2 0
github.com/wezzels/vigil/pkg/sensors/opir/sbirs.go:121.2,121.18 1 0
github.com/wezzels/vigil/pkg/sensors/opir/sbirs.go:125.63,128.16 2 0
github.com/wezzels/vigil/pkg/sensors/opir/sbirs.go:128.16,130.3 1 0
github.com/wezzels/vigil/pkg/sensors/opir/sbirs.go:133.2,134.16 2 0
github.com/wezzels/vigil/pkg/sensors/opir/sbirs.go:134.16,136.3 1 0
github.com/wezzels/vigil/pkg/sensors/opir/sbirs.go:138.2,151.16 6 0
github.com/wezzels/vigil/pkg/sensors/opir/sbirs.go:151.16,153.3 1 0
github.com/wezzels/vigil/pkg/sensors/opir/sbirs.go:155.2,155.18 1 0
github.com/wezzels/vigil/pkg/sensors/opir/sbirs.go:159.65,161.36 2 0
github.com/wezzels/vigil/pkg/sensors/opir/sbirs.go:161.36,163.3 1 0
github.com/wezzels/vigil/pkg/sensors/opir/sbirs.go:164.2,164.14 1 0
github.com/wezzels/vigil/pkg/sensors/opir/sbirs.go:168.40,172.18 3 0
github.com/wezzels/vigil/pkg/sensors/opir/sbirs.go:172.18,174.3 1 0
github.com/wezzels/vigil/pkg/sensors/opir/sbirs.go:176.2,179.21 3 0
github.com/wezzels/vigil/pkg/sensors/opir/sbirs.go:179.21,181.3 1 0
github.com/wezzels/vigil/pkg/sensors/opir/sbirs.go:183.2,183.19 1 0
github.com/wezzels/vigil/pkg/sensors/opir/sbirs.go:183.19,185.3 1 0
github.com/wezzels/vigil/pkg/sensors/opir/sbirs.go:187.2,187.12 1 0
github.com/wezzels/vigil/pkg/sensors/opir/sbirs.go:191.51,193.2 1 0
github.com/wezzels/vigil/pkg/sensors/opir/sbirs.go:196.43,198.2 1 0
github.com/wezzels/vigil/pkg/sensors/opir/sbirs.go:201.40,205.2 3 1
github.com/wezzels/vigil/pkg/sensors/opir/sbirs.go:208.39,212.2 3 0
github.com/wezzels/vigil/pkg/sensors/opir/sbirs.go:215.35,216.6 1 0
github.com/wezzels/vigil/pkg/sensors/opir/sbirs.go:216.6,217.10 1 0
github.com/wezzels/vigil/pkg/sensors/opir/sbirs.go:218.23,219.10 1 0
github.com/wezzels/vigil/pkg/sensors/opir/sbirs.go:220.11,221.41 1 0
github.com/wezzels/vigil/pkg/sensors/opir/sbirs.go:221.41,225.31 2 0
github.com/wezzels/vigil/pkg/sensors/opir/sbirs.go:225.31,227.6 1 0
github.com/wezzels/vigil/pkg/sensors/opir/sbirs.go:234.40,239.17 4 0
github.com/wezzels/vigil/pkg/sensors/opir/sbirs.go:239.17,241.3 1 0
github.com/wezzels/vigil/pkg/sensors/opir/sbirs.go:244.2,248.53 3 0
github.com/wezzels/vigil/pkg/sensors/opir/sbirs.go:248.53,250.3 1 0
github.com/wezzels/vigil/pkg/sensors/opir/sbirs.go:253.2,254.16 2 0
github.com/wezzels/vigil/pkg/sensors/opir/sbirs.go:254.16,256.3 1 0
github.com/wezzels/vigil/pkg/sensors/opir/sbirs.go:259.2,259.17 1 0
github.com/wezzels/vigil/pkg/sensors/opir/sbirs.go:259.17,261.52 2 0
github.com/wezzels/vigil/pkg/sensors/opir/sbirs.go:261.52,263.4 1 0
github.com/wezzels/vigil/pkg/sensors/opir/sbirs.go:266.3,266.53 1 0
github.com/wezzels/vigil/pkg/sensors/opir/sbirs.go:266.53,268.4 1 0
github.com/wezzels/vigil/pkg/sensors/opir/sbirs.go:272.2,272.53 1 0
github.com/wezzels/vigil/pkg/sensors/opir/sbirs.go:272.53,274.3 1 0
github.com/wezzels/vigil/pkg/sensors/opir/sbirs.go:277.2,283.9 5 0
github.com/wezzels/vigil/pkg/sensors/opir/sbirs.go:284.32,284.32 0 0
github.com/wezzels/vigil/pkg/sensors/opir/sbirs.go:285.22,286.21 1 0
github.com/wezzels/vigil/pkg/sensors/opir/sbirs.go:289.2,289.12 1 0
github.com/wezzels/vigil/pkg/sensors/opir/sbirs.go:293.79,305.25 2 1
github.com/wezzels/vigil/pkg/sensors/opir/sbirs.go:305.25,307.3 1 0
github.com/wezzels/vigil/pkg/sensors/opir/sbirs.go:309.2,310.18 2 1
github.com/wezzels/vigil/pkg/sensors/opir/sbirs.go:310.18,312.3 1 0
github.com/wezzels/vigil/pkg/sensors/opir/sbirs.go:314.2,327.31 6 1
github.com/wezzels/vigil/pkg/sensors/opir/sbirs.go:331.74,348.21 1 0
github.com/wezzels/vigil/pkg/sensors/opir/sbirs.go:348.21,350.3 1 0
github.com/wezzels/vigil/pkg/sensors/opir/sbirs.go:352.2,369.30 16 0
github.com/wezzels/vigil/pkg/sensors/opir/sbirs.go:369.30,370.13 1 0
github.com/wezzels/vigil/pkg/sensors/opir/sbirs.go:370.13,372.9 2 0
github.com/wezzels/vigil/pkg/sensors/opir/sbirs.go:376.2,376.12 1 0
github.com/wezzels/vigil/pkg/sensors/opir/sbirs.go:380.58,381.14 1 0
github.com/wezzels/vigil/pkg/sensors/opir/sbirs.go:382.9,383.19 1 0
github.com/wezzels/vigil/pkg/sensors/opir/sbirs.go:384.9,385.18 1 0
github.com/wezzels/vigil/pkg/sensors/opir/sbirs.go:386.9,387.19 1 0
github.com/wezzels/vigil/pkg/sensors/opir/sbirs.go:388.10,389.24 1 0
github.com/wezzels/vigil/pkg/sensors/opir/sbirs.go:394.68,396.55 1 0
github.com/wezzels/vigil/pkg/sensors/opir/sbirs.go:396.55,398.3 1 0
github.com/wezzels/vigil/pkg/sensors/opir/sbirs.go:401.2,401.59 1 0
github.com/wezzels/vigil/pkg/sensors/opir/sbirs.go:401.59,403.3 1 0
github.com/wezzels/vigil/pkg/sensors/opir/sbirs.go:406.2,406.75 1 0
github.com/wezzels/vigil/pkg/sensors/opir/sbirs.go:406.75,408.3 1 0
github.com/wezzels/vigil/pkg/sensors/opir/sbirs.go:411.2,411.50 1 0
github.com/wezzels/vigil/pkg/sensors/opir/sbirs.go:411.50,413.3 1 0
github.com/wezzels/vigil/pkg/sensors/opir/sbirs.go:416.2,416.36 1 0
github.com/wezzels/vigil/pkg/sensors/opir/sbirs.go:416.36,418.3 1 0
github.com/wezzels/vigil/pkg/sensors/opir/sbirs.go:420.2,420.12 1 0
github.com/wezzels/vigil/pkg/sensors/opir/sbirs.go:424.53,426.9 2 0
github.com/wezzels/vigil/pkg/sensors/opir/sbirs.go:426.9,428.3 1 0
github.com/wezzels/vigil/pkg/sensors/opir/sbirs.go:429.2,429.26 1 0
github.com/wezzels/vigil/pkg/sensors/opir/sbirs.go:433.40,434.9 1 0
github.com/wezzels/vigil/pkg/sensors/opir/sbirs.go:435.35,435.35 0 0
github.com/wezzels/vigil/pkg/sensors/opir/sbirs.go:436.10,436.10 0 0
github.com/wezzels/vigil/pkg/sensors/opir/sbirs.go:441.44,447.9 5 0
github.com/wezzels/vigil/pkg/sensors/opir/sbirs.go:448.23,448.23 0 0
github.com/wezzels/vigil/pkg/sensors/opir/sbirs.go:449.37,449.37 0 0
github.com/wezzels/vigil/pkg/sensors/opir/validate.go:17.50,22.2 1 1
github.com/wezzels/vigil/pkg/sensors/opir/validate.go:25.60,27.62 1 5
github.com/wezzels/vigil/pkg/sensors/opir/validate.go:27.62,29.3 1 1
github.com/wezzels/vigil/pkg/sensors/opir/validate.go:32.2,32.64 1 4
github.com/wezzels/vigil/pkg/sensors/opir/validate.go:32.64,34.3 1 1
github.com/wezzels/vigil/pkg/sensors/opir/validate.go:37.2,37.62 1 3
github.com/wezzels/vigil/pkg/sensors/opir/validate.go:37.62,39.3 1 0
github.com/wezzels/vigil/pkg/sensors/opir/validate.go:42.2,42.66 1 3
github.com/wezzels/vigil/pkg/sensors/opir/validate.go:42.66,44.3 1 1
github.com/wezzels/vigil/pkg/sensors/opir/validate.go:47.2,47.52 1 2
github.com/wezzels/vigil/pkg/sensors/opir/validate.go:47.52,49.3 1 0
github.com/wezzels/vigil/pkg/sensors/opir/validate.go:52.2,52.64 1 2
github.com/wezzels/vigil/pkg/sensors/opir/validate.go:52.64,54.3 1 0
github.com/wezzels/vigil/pkg/sensors/opir/validate.go:57.2,57.64 1 2
github.com/wezzels/vigil/pkg/sensors/opir/validate.go:57.64,59.3 1 1
github.com/wezzels/vigil/pkg/sensors/opir/validate.go:62.2,62.30 1 1
github.com/wezzels/vigil/pkg/sensors/opir/validate.go:62.30,63.52 1 1
github.com/wezzels/vigil/pkg/sensors/opir/validate.go:63.52,65.4 1 0
github.com/wezzels/vigil/pkg/sensors/opir/validate.go:68.2,68.12 1 1
github.com/wezzels/vigil/pkg/sensors/opir/validate.go:72.57,73.27 1 5
github.com/wezzels/vigil/pkg/sensors/opir/validate.go:73.27,78.3 1 1
github.com/wezzels/vigil/pkg/sensors/opir/validate.go:79.2,79.12 1 4
github.com/wezzels/vigil/pkg/sensors/opir/validate.go:83.58,84.29 1 4
github.com/wezzels/vigil/pkg/sensors/opir/validate.go:84.29,89.3 1 1
github.com/wezzels/vigil/pkg/sensors/opir/validate.go:90.2,90.12 1 3
github.com/wezzels/vigil/pkg/sensors/opir/validate.go:94.57,95.47 1 3
github.com/wezzels/vigil/pkg/sensors/opir/validate.go:95.47,100.3 1 0
github.com/wezzels/vigil/pkg/sensors/opir/validate.go:101.2,101.12 1 3
github.com/wezzels/vigil/pkg/sensors/opir/validate.go:105.60,106.26 1 3
github.com/wezzels/vigil/pkg/sensors/opir/validate.go:106.26,111.3 1 0
github.com/wezzels/vigil/pkg/sensors/opir/validate.go:112.2,112.35 1 3
github.com/wezzels/vigil/pkg/sensors/opir/validate.go:112.35,117.3 1 1
github.com/wezzels/vigil/pkg/sensors/opir/validate.go:118.2,118.12 1 2
github.com/wezzels/vigil/pkg/sensors/opir/validate.go:122.52,123.27 1 2
github.com/wezzels/vigil/pkg/sensors/opir/validate.go:123.27,128.3 1 0
github.com/wezzels/vigil/pkg/sensors/opir/validate.go:129.2,129.12 1 2
github.com/wezzels/vigil/pkg/sensors/opir/validate.go:133.64,134.19 1 2
github.com/wezzels/vigil/pkg/sensors/opir/validate.go:134.19,139.3 1 0
github.com/wezzels/vigil/pkg/sensors/opir/validate.go:140.2,140.12 1 2
github.com/wezzels/vigil/pkg/sensors/opir/validate.go:144.59,149.26 3 2
github.com/wezzels/vigil/pkg/sensors/opir/validate.go:149.26,154.3 1 1
github.com/wezzels/vigil/pkg/sensors/opir/validate.go:157.2,157.40 1 1
github.com/wezzels/vigil/pkg/sensors/opir/validate.go:157.40,162.3 1 0
github.com/wezzels/vigil/pkg/sensors/opir/validate.go:164.2,164.12 1 1
github.com/wezzels/vigil/pkg/sensors/opir/validate.go:168.66,176.50 4 1
github.com/wezzels/vigil/pkg/sensors/opir/validate.go:176.50,177.51 1 0
github.com/wezzels/vigil/pkg/sensors/opir/validate.go:177.51,182.4 1 0
github.com/wezzels/vigil/pkg/sensors/opir/validate.go:186.2,191.12 3 1
github.com/wezzels/vigil/pkg/sensors/opir/validate.go:195.31,197.35 2 1
github.com/wezzels/vigil/pkg/sensors/opir/validate.go:197.35,198.42 1 1
github.com/wezzels/vigil/pkg/sensors/opir/validate.go:198.42,200.4 1 0
github.com/wezzels/vigil/pkg/sensors/opir/validate.go:205.45,215.2 3 0
github.com/wezzels/vigil/pkg/sensors/opir/validate.go:235.44,243.2 1 1
github.com/wezzels/vigil/pkg/sensors/opir/validate.go:246.68,251.2 4 0
github.com/wezzels/vigil/pkg/sensors/opir/validate.go:254.54,256.66 1 3
github.com/wezzels/vigil/pkg/sensors/opir/validate.go:256.66,258.3 1 0
github.com/wezzels/vigil/pkg/sensors/opir/validate.go:259.2,259.68 1 3
github.com/wezzels/vigil/pkg/sensors/opir/validate.go:259.68,261.3 1 0
github.com/wezzels/vigil/pkg/sensors/opir/validate.go:264.2,264.75 1 3
github.com/wezzels/vigil/pkg/sensors/opir/validate.go:264.75,266.3 1 0
github.com/wezzels/vigil/pkg/sensors/opir/validate.go:269.2,269.50 1 3
github.com/wezzels/vigil/pkg/sensors/opir/validate.go:269.50,271.3 1 1
github.com/wezzels/vigil/pkg/sensors/opir/validate.go:274.2,274.36 1 2
github.com/wezzels/vigil/pkg/sensors/opir/validate.go:274.36,276.3 1 1
github.com/wezzels/vigil/pkg/sensors/opir/validate.go:278.2,278.13 1 1
github.com/wezzels/vigil/pkg/sensors/opir/validate.go:282.71,284.30 2 1
github.com/wezzels/vigil/pkg/sensors/opir/validate.go:284.30,285.19 1 3
github.com/wezzels/vigil/pkg/sensors/opir/validate.go:285.19,287.4 1 1
github.com/wezzels/vigil/pkg/sensors/opir/validate.go:289.2,289.15 1 1
github.com/wezzels/vigil/pkg/sensors/opir/validate.go:300.54,306.2 1 0
github.com/wezzels/vigil/pkg/sensors/opir/validate.go:309.60,311.48 1 0
github.com/wezzels/vigil/pkg/sensors/opir/validate.go:311.48,313.3 1 0
github.com/wezzels/vigil/pkg/sensors/opir/validate.go:316.2,317.19 2 0
github.com/wezzels/vigil/pkg/sensors/opir/validate.go:317.19,322.3 1 0
github.com/wezzels/vigil/pkg/sensors/opir/validate.go:325.2,325.37 1 0
github.com/wezzels/vigil/pkg/sensors/opir/validate.go:325.37,327.3 1 0
github.com/wezzels/vigil/pkg/sensors/opir/validate.go:329.2,329.13 1 0
github.com/wezzels/vigil/pkg/sensors/opir/validate.go:333.77,335.30 2 0
github.com/wezzels/vigil/pkg/sensors/opir/validate.go:335.30,336.20 1 0
github.com/wezzels/vigil/pkg/sensors/opir/validate.go:336.20,338.4 1 0
github.com/wezzels/vigil/pkg/sensors/opir/validate.go:340.2,340.15 1 0
